[ 2023-12-21 10:07:30,775][cascade_classifier.fit_transform] X_groups_train.shape=[(800, 10)],y_train.shape=(800,),X_groups_test.shape=no_test,y_test.shape=no_test
[ 2023-12-21 10:07:30,775][cascade_classifier.fit_transform] group_dims=[10]
[ 2023-12-21 10:07:30,775][cascade_classifier.fit_transform] group_starts=[0]
[ 2023-12-21 10:07:30,775][cascade_classifier.fit_transform] group_ends=[10]
[ 2023-12-21 10:07:30,775][cascade_classifier.fit_transform] X_train.shape=(800, 10),X_test.shape=(0, 10)
[ 2023-12-21 10:07:30,775][cascade_classifier.fit_transform] [layer=0] look_indexs=[0], X_cur_train.shape=(800, 10), X_cur_test.shape=(0, 10)
[ 2023-12-21 10:07:31,458][kfold_wrapper.log_eval_metrics] Accuracy(layer_0 - estimator_0 - 3_folds.train_0.predict)=88.76%
[ 2023-12-21 10:07:32,091][kfold_wrapper.log_eval_metrics] Accuracy(layer_0 - estimator_0 - 3_folds.train_1.predict)=91.39%
[ 2023-12-21 10:07:32,710][kfold_wrapper.log_eval_metrics] Accuracy(layer_0 - estimator_0 - 3_folds.train_2.predict)=87.97%
[ 2023-12-21 10:07:32,710][kfold_wrapper.log_eval_metrics] Accuracy(layer_0 - estimator_0 - 3_folds.train_cv.predict)=89.38%
[ 2023-12-21 10:07:33,318][kfold_wrapper.log_eval_metrics] Accuracy(layer_0 - estimator_1 - 3_folds.train_0.predict)=91.39%
[ 2023-12-21 10:07:33,934][kfold_wrapper.log_eval_metrics] Accuracy(layer_0 - estimator_1 - 3_folds.train_1.predict)=87.27%
[ 2023-12-21 10:07:34,558][kfold_wrapper.log_eval_metrics] Accuracy(layer_0 - estimator_1 - 3_folds.train_2.predict)=91.35%
[ 2023-12-21 10:07:34,558][kfold_wrapper.log_eval_metrics] Accuracy(layer_0 - estimator_1 - 3_folds.train_cv.predict)=90.00%
[ 2023-12-21 10:07:35,207][kfold_wrapper.log_eval_metrics] Accuracy(layer_0 - estimator_2 - 3_folds.train_0.predict)=90.64%
[ 2023-12-21 10:07:35,829][kfold_wrapper.log_eval_metrics] Accuracy(layer_0 - estimator_2 - 3_folds.train_1.predict)=91.39%
[ 2023-12-21 10:07:36,446][kfold_wrapper.log_eval_metrics] Accuracy(layer_0 - estimator_2 - 3_folds.train_2.predict)=89.47%
[ 2023-12-21 10:07:36,446][kfold_wrapper.log_eval_metrics] Accuracy(layer_0 - estimator_2 - 3_folds.train_cv.predict)=90.50%
[ 2023-12-21 10:07:36,796][kfold_wrapper.log_eval_metrics] Accuracy(layer_0 - estimator_3 - 5_folds.train_0.predict)=93.12%
[ 2023-12-21 10:07:36,910][kfold_wrapper.log_eval_metrics] Accuracy(layer_0 - estimator_3 - 5_folds.train_1.predict)=89.38%
[ 2023-12-21 10:07:37,036][kfold_wrapper.log_eval_metrics] Accuracy(layer_0 - estimator_3 - 5_folds.train_2.predict)=93.75%
[ 2023-12-21 10:07:37,156][kfold_wrapper.log_eval_metrics] Accuracy(layer_0 - estimator_3 - 5_folds.train_3.predict)=89.38%
[ 2023-12-21 10:07:37,268][kfold_wrapper.log_eval_metrics] Accuracy(layer_0 - estimator_3 - 5_folds.train_4.predict)=90.62%
[ 2023-12-21 10:07:37,268][kfold_wrapper.log_eval_metrics] Accuracy(layer_0 - estimator_3 - 5_folds.train_cv.predict)=91.25%
[ 2023-12-21 10:07:38,072][kfold_wrapper.log_eval_metrics] Accuracy(layer_0 - estimator_4 - 5_folds.train_0.predict)=91.25%
[ 2023-12-21 10:07:38,842][kfold_wrapper.log_eval_metrics] Accuracy(layer_0 - estimator_4 - 5_folds.train_1.predict)=89.38%
[ 2023-12-21 10:07:39,604][kfold_wrapper.log_eval_metrics] Accuracy(layer_0 - estimator_4 - 5_folds.train_2.predict)=88.75%
[ 2023-12-21 10:07:40,351][kfold_wrapper.log_eval_metrics] Accuracy(layer_0 - estimator_4 - 5_folds.train_3.predict)=90.00%
[ 2023-12-21 10:07:41,095][kfold_wrapper.log_eval_metrics] Accuracy(layer_0 - estimator_4 - 5_folds.train_4.predict)=95.00%
[ 2023-12-21 10:07:41,095][kfold_wrapper.log_eval_metrics] Accuracy(layer_0 - estimator_4 - 5_folds.train_cv.predict)=90.88%
[ 2023-12-21 10:07:41,095][cascade_classifier.calc_accuracy] Accuracy(layer_0 - train.classifier_average)=91.38%
[ 2023-12-21 10:07:41,095][cascade_classifier.fit_transform] [layer=1] look_indexs=[0], X_cur_train.shape=(800, 20), X_cur_test.shape=(0, 20)
[ 2023-12-21 10:07:41,715][kfold_wrapper.log_eval_metrics] Accuracy(layer_1 - estimator_0 - 3_folds.train_0.predict)=92.51%
[ 2023-12-21 10:07:42,335][kfold_wrapper.log_eval_metrics] Accuracy(layer_1 - estimator_0 - 3_folds.train_1.predict)=91.39%
[ 2023-12-21 10:07:42,976][kfold_wrapper.log_eval_metrics] Accuracy(layer_1 - estimator_0 - 3_folds.train_2.predict)=88.35%
[ 2023-12-21 10:07:42,976][kfold_wrapper.log_eval_metrics] Accuracy(layer_1 - estimator_0 - 3_folds.train_cv.predict)=90.75%
[ 2023-12-21 10:07:43,597][kfold_wrapper.log_eval_metrics] Accuracy(layer_1 - estimator_1 - 3_folds.train_0.predict)=92.88%
[ 2023-12-21 10:07:44,236][kfold_wrapper.log_eval_metrics] Accuracy(layer_1 - estimator_1 - 3_folds.train_1.predict)=89.14%
[ 2023-12-21 10:07:44,880][kfold_wrapper.log_eval_metrics] Accuracy(layer_1 - estimator_1 - 3_folds.train_2.predict)=92.11%
[ 2023-12-21 10:07:44,880][kfold_wrapper.log_eval_metrics] Accuracy(layer_1 - estimator_1 - 3_folds.train_cv.predict)=91.38%
[ 2023-12-21 10:07:45,514][kfold_wrapper.log_eval_metrics] Accuracy(layer_1 - estimator_2 - 3_folds.train_0.predict)=89.51%
[ 2023-12-21 10:07:46,129][kfold_wrapper.log_eval_metrics] Accuracy(layer_1 - estimator_2 - 3_folds.train_1.predict)=91.76%
[ 2023-12-21 10:07:46,753][kfold_wrapper.log_eval_metrics] Accuracy(layer_1 - estimator_2 - 3_folds.train_2.predict)=90.60%
[ 2023-12-21 10:07:46,753][kfold_wrapper.log_eval_metrics] Accuracy(layer_1 - estimator_2 - 3_folds.train_cv.predict)=90.62%
[ 2023-12-21 10:07:46,918][kfold_wrapper.log_eval_metrics] Accuracy(layer_1 - estimator_3 - 5_folds.train_0.predict)=86.88%
[ 2023-12-21 10:07:47,068][kfold_wrapper.log_eval_metrics] Accuracy(layer_1 - estimator_3 - 5_folds.train_1.predict)=90.62%
[ 2023-12-21 10:07:47,200][kfold_wrapper.log_eval_metrics] Accuracy(layer_1 - estimator_3 - 5_folds.train_2.predict)=88.12%
[ 2023-12-21 10:07:47,330][kfold_wrapper.log_eval_metrics] Accuracy(layer_1 - estimator_3 - 5_folds.train_3.predict)=93.75%
[ 2023-12-21 10:07:47,482][kfold_wrapper.log_eval_metrics] Accuracy(layer_1 - estimator_3 - 5_folds.train_4.predict)=89.38%
[ 2023-12-21 10:07:47,482][kfold_wrapper.log_eval_metrics] Accuracy(layer_1 - estimator_3 - 5_folds.train_cv.predict)=89.75%
[ 2023-12-21 10:07:48,282][kfold_wrapper.log_eval_metrics] Accuracy(layer_1 - estimator_4 - 5_folds.train_0.predict)=89.38%
[ 2023-12-21 10:07:49,052][kfold_wrapper.log_eval_metrics] Accuracy(layer_1 - estimator_4 - 5_folds.train_1.predict)=90.00%
[ 2023-12-21 10:07:49,804][kfold_wrapper.log_eval_metrics] Accuracy(layer_1 - estimator_4 - 5_folds.train_2.predict)=92.50%
[ 2023-12-21 10:07:50,610][kfold_wrapper.log_eval_metrics] Accuracy(layer_1 - estimator_4 - 5_folds.train_3.predict)=92.50%
[ 2023-12-21 10:07:51,375][kfold_wrapper.log_eval_metrics] Accuracy(layer_1 - estimator_4 - 5_folds.train_4.predict)=92.50%
[ 2023-12-21 10:07:51,375][kfold_wrapper.log_eval_metrics] Accuracy(layer_1 - estimator_4 - 5_folds.train_cv.predict)=91.38%
[ 2023-12-21 10:07:51,377][cascade_classifier.calc_accuracy] Accuracy(layer_1 - train.classifier_average)=91.00%
[ 2023-12-21 10:07:51,377][cascade_classifier.fit_transform] [layer=2] look_indexs=[0], X_cur_train.shape=(800, 20), X_cur_test.shape=(0, 20)
[ 2023-12-21 10:07:51,999][kfold_wrapper.log_eval_metrics] Accuracy(layer_2 - estimator_0 - 3_folds.train_0.predict)=89.14%
[ 2023-12-21 10:07:52,655][kfold_wrapper.log_eval_metrics] Accuracy(layer_2 - estimator_0 - 3_folds.train_1.predict)=89.14%
[ 2023-12-21 10:07:53,287][kfold_wrapper.log_eval_metrics] Accuracy(layer_2 - estimator_0 - 3_folds.train_2.predict)=94.36%
[ 2023-12-21 10:07:53,287][kfold_wrapper.log_eval_metrics] Accuracy(layer_2 - estimator_0 - 3_folds.train_cv.predict)=90.88%
[ 2023-12-21 10:07:53,917][kfold_wrapper.log_eval_metrics] Accuracy(layer_2 - estimator_1 - 3_folds.train_0.predict)=89.89%
[ 2023-12-21 10:07:54,561][kfold_wrapper.log_eval_metrics] Accuracy(layer_2 - estimator_1 - 3_folds.train_1.predict)=91.01%
[ 2023-12-21 10:07:55,183][kfold_wrapper.log_eval_metrics] Accuracy(layer_2 - estimator_1 - 3_folds.train_2.predict)=90.98%
[ 2023-12-21 10:07:55,183][kfold_wrapper.log_eval_metrics] Accuracy(layer_2 - estimator_1 - 3_folds.train_cv.predict)=90.62%
[ 2023-12-21 10:07:55,827][kfold_wrapper.log_eval_metrics] Accuracy(layer_2 - estimator_2 - 3_folds.train_0.predict)=91.01%
[ 2023-12-21 10:07:56,458][kfold_wrapper.log_eval_metrics] Accuracy(layer_2 - estimator_2 - 3_folds.train_1.predict)=90.26%
[ 2023-12-21 10:07:57,121][kfold_wrapper.log_eval_metrics] Accuracy(layer_2 - estimator_2 - 3_folds.train_2.predict)=91.35%
[ 2023-12-21 10:07:57,121][kfold_wrapper.log_eval_metrics] Accuracy(layer_2 - estimator_2 - 3_folds.train_cv.predict)=90.88%
[ 2023-12-21 10:07:57,497][kfold_wrapper.log_eval_metrics] Accuracy(layer_2 - estimator_3 - 5_folds.train_0.predict)=89.38%
[ 2023-12-21 10:07:57,851][kfold_wrapper.log_eval_metrics] Accuracy(layer_2 - estimator_3 - 5_folds.train_1.predict)=86.88%
[ 2023-12-21 10:07:58,227][kfold_wrapper.log_eval_metrics] Accuracy(layer_2 - estimator_3 - 5_folds.train_2.predict)=91.88%
[ 2023-12-21 10:07:58,615][kfold_wrapper.log_eval_metrics] Accuracy(layer_2 - estimator_3 - 5_folds.train_3.predict)=91.25%
[ 2023-12-21 10:07:59,007][kfold_wrapper.log_eval_metrics] Accuracy(layer_2 - estimator_3 - 5_folds.train_4.predict)=90.00%
[ 2023-12-21 10:07:59,007][kfold_wrapper.log_eval_metrics] Accuracy(layer_2 - estimator_3 - 5_folds.train_cv.predict)=89.88%
[ 2023-12-21 10:08:00,325][kfold_wrapper.log_eval_metrics] Accuracy(layer_2 - estimator_4 - 5_folds.train_0.predict)=91.25%
[ 2023-12-21 10:08:01,637][kfold_wrapper.log_eval_metrics] Accuracy(layer_2 - estimator_4 - 5_folds.train_1.predict)=90.00%
[ 2023-12-21 10:08:02,943][kfold_wrapper.log_eval_metrics] Accuracy(layer_2 - estimator_4 - 5_folds.train_2.predict)=91.25%
[ 2023-12-21 10:08:04,278][kfold_wrapper.log_eval_metrics] Accuracy(layer_2 - estimator_4 - 5_folds.train_3.predict)=87.50%
[ 2023-12-21 10:08:05,574][kfold_wrapper.log_eval_metrics] Accuracy(layer_2 - estimator_4 - 5_folds.train_4.predict)=91.88%
[ 2023-12-21 10:08:05,574][kfold_wrapper.log_eval_metrics] Accuracy(layer_2 - estimator_4 - 5_folds.train_cv.predict)=90.38%
[ 2023-12-21 10:08:05,574][cascade_classifier.calc_accuracy] Accuracy(layer_2 - train.classifier_average)=90.62%
[ 2023-12-21 10:08:05,578][cascade_classifier.fit_transform] [layer=3] look_indexs=[0], X_cur_train.shape=(800, 20), X_cur_test.shape=(0, 20)
[ 2023-12-21 10:08:06,682][kfold_wrapper.log_eval_metrics] Accuracy(layer_3 - estimator_0 - 3_folds.train_0.predict)=90.26%
[ 2023-12-21 10:08:07,784][kfold_wrapper.log_eval_metrics] Accuracy(layer_3 - estimator_0 - 3_folds.train_1.predict)=91.76%
[ 2023-12-21 10:08:08,898][kfold_wrapper.log_eval_metrics] Accuracy(layer_3 - estimator_0 - 3_folds.train_2.predict)=89.47%
[ 2023-12-21 10:08:08,898][kfold_wrapper.log_eval_metrics] Accuracy(layer_3 - estimator_0 - 3_folds.train_cv.predict)=90.50%
[ 2023-12-21 10:08:10,037][kfold_wrapper.log_eval_metrics] Accuracy(layer_3 - estimator_1 - 3_folds.train_0.predict)=89.51%
[ 2023-12-21 10:08:11,136][kfold_wrapper.log_eval_metrics] Accuracy(layer_3 - estimator_1 - 3_folds.train_1.predict)=90.64%
[ 2023-12-21 10:08:12,245][kfold_wrapper.log_eval_metrics] Accuracy(layer_3 - estimator_1 - 3_folds.train_2.predict)=91.73%
[ 2023-12-21 10:08:12,245][kfold_wrapper.log_eval_metrics] Accuracy(layer_3 - estimator_1 - 3_folds.train_cv.predict)=90.62%
[ 2023-12-21 10:08:13,385][kfold_wrapper.log_eval_metrics] Accuracy(layer_3 - estimator_2 - 3_folds.train_0.predict)=91.39%
[ 2023-12-21 10:08:14,520][kfold_wrapper.log_eval_metrics] Accuracy(layer_3 - estimator_2 - 3_folds.train_1.predict)=89.89%
[ 2023-12-21 10:08:15,622][kfold_wrapper.log_eval_metrics] Accuracy(layer_3 - estimator_2 - 3_folds.train_2.predict)=89.85%
[ 2023-12-21 10:08:15,622][kfold_wrapper.log_eval_metrics] Accuracy(layer_3 - estimator_2 - 3_folds.train_cv.predict)=90.38%
[ 2023-12-21 10:08:16,010][kfold_wrapper.log_eval_metrics] Accuracy(layer_3 - estimator_3 - 5_folds.train_0.predict)=86.25%
[ 2023-12-21 10:08:16,416][kfold_wrapper.log_eval_metrics] Accuracy(layer_3 - estimator_3 - 5_folds.train_1.predict)=92.50%
[ 2023-12-21 10:08:16,798][kfold_wrapper.log_eval_metrics] Accuracy(layer_3 - estimator_3 - 5_folds.train_2.predict)=91.25%
[ 2023-12-21 10:08:17,177][kfold_wrapper.log_eval_metrics] Accuracy(layer_3 - estimator_3 - 5_folds.train_3.predict)=90.00%
[ 2023-12-21 10:08:17,549][kfold_wrapper.log_eval_metrics] Accuracy(layer_3 - estimator_3 - 5_folds.train_4.predict)=90.00%
[ 2023-12-21 10:08:17,549][kfold_wrapper.log_eval_metrics] Accuracy(layer_3 - estimator_3 - 5_folds.train_cv.predict)=90.00%
[ 2023-12-21 10:08:18,837][kfold_wrapper.log_eval_metrics] Accuracy(layer_3 - estimator_4 - 5_folds.train_0.predict)=91.25%
[ 2023-12-21 10:08:20,125][kfold_wrapper.log_eval_metrics] Accuracy(layer_3 - estimator_4 - 5_folds.train_1.predict)=88.75%
[ 2023-12-21 10:08:21,406][kfold_wrapper.log_eval_metrics] Accuracy(layer_3 - estimator_4 - 5_folds.train_2.predict)=90.62%
[ 2023-12-21 10:08:22,694][kfold_wrapper.log_eval_metrics] Accuracy(layer_3 - estimator_4 - 5_folds.train_3.predict)=90.62%
[ 2023-12-21 10:08:23,978][kfold_wrapper.log_eval_metrics] Accuracy(layer_3 - estimator_4 - 5_folds.train_4.predict)=91.25%
[ 2023-12-21 10:08:23,978][kfold_wrapper.log_eval_metrics] Accuracy(layer_3 - estimator_4 - 5_folds.train_cv.predict)=90.50%
[ 2023-12-21 10:08:23,978][cascade_classifier.calc_accuracy] Accuracy(layer_3 - train.classifier_average)=90.75%
[ 2023-12-21 10:08:23,978][cascade_classifier.fit_transform] [Result][Optimal Level Detected] opt_layer_num=1, accuracy_train=91.38%, accuracy_test=0.00%
[ 2023-12-21 10:08:24,018][cascade_classifier.transform] X_groups_test.shape=[(200, 10)]
[ 2023-12-21 10:08:24,018][cascade_classifier.transform] group_dims=[10]
[ 2023-12-21 10:08:24,018][cascade_classifier.transform] X_test.shape=(200, 10)
[ 2023-12-21 10:08:24,018][cascade_classifier.transform] [layer=0] look_indexs=[0], X_cur_test.shape=(200, 10)
