[ 2023-12-21 10:02:15,310][cascade_classifier.fit_transform] X_groups_train.shape=[(800, 10)],y_train.shape=(800,),X_groups_test.shape=no_test,y_test.shape=no_test
[ 2023-12-21 10:02:15,310][cascade_classifier.fit_transform] group_dims=[10]
[ 2023-12-21 10:02:15,311][cascade_classifier.fit_transform] group_starts=[0]
[ 2023-12-21 10:02:15,311][cascade_classifier.fit_transform] group_ends=[10]
[ 2023-12-21 10:02:15,311][cascade_classifier.fit_transform] X_train.shape=(800, 10),X_test.shape=(0, 10)
[ 2023-12-21 10:02:15,311][cascade_classifier.fit_transform] [layer=0] look_indexs=[0], X_cur_train.shape=(800, 10), X_cur_test.shape=(0, 10)
[ 2023-12-21 10:02:16,013][kfold_wrapper.log_eval_metrics] Accuracy(layer_0 - estimator_0 - 5_folds.train_0.predict)=90.62%
[ 2023-12-21 10:02:16,642][kfold_wrapper.log_eval_metrics] Accuracy(layer_0 - estimator_0 - 5_folds.train_1.predict)=89.38%
[ 2023-12-21 10:02:17,286][kfold_wrapper.log_eval_metrics] Accuracy(layer_0 - estimator_0 - 5_folds.train_2.predict)=90.62%
[ 2023-12-21 10:02:17,923][kfold_wrapper.log_eval_metrics] Accuracy(layer_0 - estimator_0 - 5_folds.train_3.predict)=91.25%
[ 2023-12-21 10:02:18,557][kfold_wrapper.log_eval_metrics] Accuracy(layer_0 - estimator_0 - 5_folds.train_4.predict)=90.62%
[ 2023-12-21 10:02:18,557][kfold_wrapper.log_eval_metrics] Accuracy(layer_0 - estimator_0 - 5_folds.train_cv.predict)=90.50%
[ 2023-12-21 10:02:19,219][kfold_wrapper.log_eval_metrics] Accuracy(layer_0 - estimator_1 - 5_folds.train_0.predict)=93.12%
[ 2023-12-21 10:02:19,873][kfold_wrapper.log_eval_metrics] Accuracy(layer_0 - estimator_1 - 5_folds.train_1.predict)=89.38%
[ 2023-12-21 10:02:20,541][kfold_wrapper.log_eval_metrics] Accuracy(layer_0 - estimator_1 - 5_folds.train_2.predict)=90.62%
[ 2023-12-21 10:02:21,181][kfold_wrapper.log_eval_metrics] Accuracy(layer_0 - estimator_1 - 5_folds.train_3.predict)=90.62%
[ 2023-12-21 10:02:21,825][kfold_wrapper.log_eval_metrics] Accuracy(layer_0 - estimator_1 - 5_folds.train_4.predict)=89.38%
[ 2023-12-21 10:02:21,825][kfold_wrapper.log_eval_metrics] Accuracy(layer_0 - estimator_1 - 5_folds.train_cv.predict)=90.62%
[ 2023-12-21 10:02:22,475][kfold_wrapper.log_eval_metrics] Accuracy(layer_0 - estimator_2 - 5_folds.train_0.predict)=87.50%
[ 2023-12-21 10:02:23,113][kfold_wrapper.log_eval_metrics] Accuracy(layer_0 - estimator_2 - 5_folds.train_1.predict)=88.12%
[ 2023-12-21 10:02:23,771][kfold_wrapper.log_eval_metrics] Accuracy(layer_0 - estimator_2 - 5_folds.train_2.predict)=93.75%
[ 2023-12-21 10:02:24,422][kfold_wrapper.log_eval_metrics] Accuracy(layer_0 - estimator_2 - 5_folds.train_3.predict)=88.12%
[ 2023-12-21 10:02:25,068][kfold_wrapper.log_eval_metrics] Accuracy(layer_0 - estimator_2 - 5_folds.train_4.predict)=91.25%
[ 2023-12-21 10:02:25,068][kfold_wrapper.log_eval_metrics] Accuracy(layer_0 - estimator_2 - 5_folds.train_cv.predict)=89.75%
[ 2023-12-21 10:02:25,701][kfold_wrapper.log_eval_metrics] Accuracy(layer_0 - estimator_3 - 5_folds.train_0.predict)=90.00%
[ 2023-12-21 10:02:26,322][kfold_wrapper.log_eval_metrics] Accuracy(layer_0 - estimator_3 - 5_folds.train_1.predict)=90.62%
[ 2023-12-21 10:02:26,973][kfold_wrapper.log_eval_metrics] Accuracy(layer_0 - estimator_3 - 5_folds.train_2.predict)=91.25%
[ 2023-12-21 10:02:27,603][kfold_wrapper.log_eval_metrics] Accuracy(layer_0 - estimator_3 - 5_folds.train_3.predict)=91.25%
[ 2023-12-21 10:02:28,253][kfold_wrapper.log_eval_metrics] Accuracy(layer_0 - estimator_3 - 5_folds.train_4.predict)=90.00%
[ 2023-12-21 10:02:28,253][kfold_wrapper.log_eval_metrics] Accuracy(layer_0 - estimator_3 - 5_folds.train_cv.predict)=90.62%
[ 2023-12-21 10:02:28,253][cascade_classifier.calc_accuracy] Accuracy(layer_0 - train.classifier_average)=90.75%
[ 2023-12-21 10:02:28,253][cascade_classifier.fit_transform] [layer=1] look_indexs=[0], X_cur_train.shape=(800, 18), X_cur_test.shape=(0, 18)
[ 2023-12-21 10:02:28,887][kfold_wrapper.log_eval_metrics] Accuracy(layer_1 - estimator_0 - 5_folds.train_0.predict)=93.12%
[ 2023-12-21 10:02:29,568][kfold_wrapper.log_eval_metrics] Accuracy(layer_1 - estimator_0 - 5_folds.train_1.predict)=91.25%
[ 2023-12-21 10:02:30,200][kfold_wrapper.log_eval_metrics] Accuracy(layer_1 - estimator_0 - 5_folds.train_2.predict)=86.25%
[ 2023-12-21 10:02:30,819][kfold_wrapper.log_eval_metrics] Accuracy(layer_1 - estimator_0 - 5_folds.train_3.predict)=88.75%
[ 2023-12-21 10:02:31,500][kfold_wrapper.log_eval_metrics] Accuracy(layer_1 - estimator_0 - 5_folds.train_4.predict)=90.00%
[ 2023-12-21 10:02:31,500][kfold_wrapper.log_eval_metrics] Accuracy(layer_1 - estimator_0 - 5_folds.train_cv.predict)=89.88%
[ 2023-12-21 10:02:32,140][kfold_wrapper.log_eval_metrics] Accuracy(layer_1 - estimator_1 - 5_folds.train_0.predict)=90.62%
[ 2023-12-21 10:02:32,784][kfold_wrapper.log_eval_metrics] Accuracy(layer_1 - estimator_1 - 5_folds.train_1.predict)=90.62%
[ 2023-12-21 10:02:33,408][kfold_wrapper.log_eval_metrics] Accuracy(layer_1 - estimator_1 - 5_folds.train_2.predict)=86.88%
[ 2023-12-21 10:02:34,041][kfold_wrapper.log_eval_metrics] Accuracy(layer_1 - estimator_1 - 5_folds.train_3.predict)=91.25%
[ 2023-12-21 10:02:34,669][kfold_wrapper.log_eval_metrics] Accuracy(layer_1 - estimator_1 - 5_folds.train_4.predict)=90.62%
[ 2023-12-21 10:02:34,669][kfold_wrapper.log_eval_metrics] Accuracy(layer_1 - estimator_1 - 5_folds.train_cv.predict)=90.00%
[ 2023-12-21 10:02:35,321][kfold_wrapper.log_eval_metrics] Accuracy(layer_1 - estimator_2 - 5_folds.train_0.predict)=91.88%
[ 2023-12-21 10:02:35,961][kfold_wrapper.log_eval_metrics] Accuracy(layer_1 - estimator_2 - 5_folds.train_1.predict)=88.75%
[ 2023-12-21 10:02:36,578][kfold_wrapper.log_eval_metrics] Accuracy(layer_1 - estimator_2 - 5_folds.train_2.predict)=91.25%
[ 2023-12-21 10:02:37,186][kfold_wrapper.log_eval_metrics] Accuracy(layer_1 - estimator_2 - 5_folds.train_3.predict)=86.25%
[ 2023-12-21 10:02:37,880][kfold_wrapper.log_eval_metrics] Accuracy(layer_1 - estimator_2 - 5_folds.train_4.predict)=92.50%
[ 2023-12-21 10:02:37,880][kfold_wrapper.log_eval_metrics] Accuracy(layer_1 - estimator_2 - 5_folds.train_cv.predict)=90.12%
[ 2023-12-21 10:02:39,024][kfold_wrapper.log_eval_metrics] Accuracy(layer_1 - estimator_3 - 5_folds.train_0.predict)=92.50%
[ 2023-12-21 10:02:40,160][kfold_wrapper.log_eval_metrics] Accuracy(layer_1 - estimator_3 - 5_folds.train_1.predict)=86.25%
[ 2023-12-21 10:02:41,287][kfold_wrapper.log_eval_metrics] Accuracy(layer_1 - estimator_3 - 5_folds.train_2.predict)=89.38%
[ 2023-12-21 10:02:42,439][kfold_wrapper.log_eval_metrics] Accuracy(layer_1 - estimator_3 - 5_folds.train_3.predict)=93.75%
[ 2023-12-21 10:02:43,571][kfold_wrapper.log_eval_metrics] Accuracy(layer_1 - estimator_3 - 5_folds.train_4.predict)=90.62%
[ 2023-12-21 10:02:43,571][kfold_wrapper.log_eval_metrics] Accuracy(layer_1 - estimator_3 - 5_folds.train_cv.predict)=90.50%
[ 2023-12-21 10:02:43,571][cascade_classifier.calc_accuracy] Accuracy(layer_1 - train.classifier_average)=90.12%
[ 2023-12-21 10:02:43,571][cascade_classifier.fit_transform] [layer=2] look_indexs=[0], X_cur_train.shape=(800, 18), X_cur_test.shape=(0, 18)
[ 2023-12-21 10:02:44,703][kfold_wrapper.log_eval_metrics] Accuracy(layer_2 - estimator_0 - 5_folds.train_0.predict)=86.88%
[ 2023-12-21 10:02:45,811][kfold_wrapper.log_eval_metrics] Accuracy(layer_2 - estimator_0 - 5_folds.train_1.predict)=87.50%
[ 2023-12-21 10:02:46,924][kfold_wrapper.log_eval_metrics] Accuracy(layer_2 - estimator_0 - 5_folds.train_2.predict)=88.12%
[ 2023-12-21 10:02:48,053][kfold_wrapper.log_eval_metrics] Accuracy(layer_2 - estimator_0 - 5_folds.train_3.predict)=92.50%
[ 2023-12-21 10:02:49,179][kfold_wrapper.log_eval_metrics] Accuracy(layer_2 - estimator_0 - 5_folds.train_4.predict)=91.88%
[ 2023-12-21 10:02:49,179][kfold_wrapper.log_eval_metrics] Accuracy(layer_2 - estimator_0 - 5_folds.train_cv.predict)=89.38%
[ 2023-12-21 10:02:50,294][kfold_wrapper.log_eval_metrics] Accuracy(layer_2 - estimator_1 - 5_folds.train_0.predict)=88.12%
[ 2023-12-21 10:02:51,439][kfold_wrapper.log_eval_metrics] Accuracy(layer_2 - estimator_1 - 5_folds.train_1.predict)=86.88%
[ 2023-12-21 10:02:52,559][kfold_wrapper.log_eval_metrics] Accuracy(layer_2 - estimator_1 - 5_folds.train_2.predict)=88.75%
[ 2023-12-21 10:02:53,691][kfold_wrapper.log_eval_metrics] Accuracy(layer_2 - estimator_1 - 5_folds.train_3.predict)=92.50%
[ 2023-12-21 10:02:54,818][kfold_wrapper.log_eval_metrics] Accuracy(layer_2 - estimator_1 - 5_folds.train_4.predict)=88.12%
[ 2023-12-21 10:02:54,818][kfold_wrapper.log_eval_metrics] Accuracy(layer_2 - estimator_1 - 5_folds.train_cv.predict)=88.88%
[ 2023-12-21 10:02:55,974][kfold_wrapper.log_eval_metrics] Accuracy(layer_2 - estimator_2 - 5_folds.train_0.predict)=88.12%
[ 2023-12-21 10:02:57,108][kfold_wrapper.log_eval_metrics] Accuracy(layer_2 - estimator_2 - 5_folds.train_1.predict)=89.38%
[ 2023-12-21 10:02:58,264][kfold_wrapper.log_eval_metrics] Accuracy(layer_2 - estimator_2 - 5_folds.train_2.predict)=90.00%
[ 2023-12-21 10:02:59,405][kfold_wrapper.log_eval_metrics] Accuracy(layer_2 - estimator_2 - 5_folds.train_3.predict)=87.50%
[ 2023-12-21 10:03:00,526][kfold_wrapper.log_eval_metrics] Accuracy(layer_2 - estimator_2 - 5_folds.train_4.predict)=92.50%
[ 2023-12-21 10:03:00,526][kfold_wrapper.log_eval_metrics] Accuracy(layer_2 - estimator_2 - 5_folds.train_cv.predict)=89.50%
[ 2023-12-21 10:03:01,655][kfold_wrapper.log_eval_metrics] Accuracy(layer_2 - estimator_3 - 5_folds.train_0.predict)=91.25%
[ 2023-12-21 10:03:02,772][kfold_wrapper.log_eval_metrics] Accuracy(layer_2 - estimator_3 - 5_folds.train_1.predict)=86.88%
[ 2023-12-21 10:03:03,893][kfold_wrapper.log_eval_metrics] Accuracy(layer_2 - estimator_3 - 5_folds.train_2.predict)=88.75%
[ 2023-12-21 10:03:05,014][kfold_wrapper.log_eval_metrics] Accuracy(layer_2 - estimator_3 - 5_folds.train_3.predict)=91.25%
[ 2023-12-21 10:03:06,147][kfold_wrapper.log_eval_metrics] Accuracy(layer_2 - estimator_3 - 5_folds.train_4.predict)=94.38%
[ 2023-12-21 10:03:06,147][kfold_wrapper.log_eval_metrics] Accuracy(layer_2 - estimator_3 - 5_folds.train_cv.predict)=90.50%
[ 2023-12-21 10:03:06,147][cascade_classifier.calc_accuracy] Accuracy(layer_2 - train.classifier_average)=89.88%
[ 2023-12-21 10:03:06,151][cascade_classifier.fit_transform] [layer=3] look_indexs=[0], X_cur_train.shape=(800, 18), X_cur_test.shape=(0, 18)
[ 2023-12-21 10:03:07,284][kfold_wrapper.log_eval_metrics] Accuracy(layer_3 - estimator_0 - 5_folds.train_0.predict)=86.25%
[ 2023-12-21 10:03:08,394][kfold_wrapper.log_eval_metrics] Accuracy(layer_3 - estimator_0 - 5_folds.train_1.predict)=91.25%
[ 2023-12-21 10:03:09,520][kfold_wrapper.log_eval_metrics] Accuracy(layer_3 - estimator_0 - 5_folds.train_2.predict)=89.38%
[ 2023-12-21 10:03:10,653][kfold_wrapper.log_eval_metrics] Accuracy(layer_3 - estimator_0 - 5_folds.train_3.predict)=92.50%
[ 2023-12-21 10:03:11,794][kfold_wrapper.log_eval_metrics] Accuracy(layer_3 - estimator_0 - 5_folds.train_4.predict)=90.62%
[ 2023-12-21 10:03:11,794][kfold_wrapper.log_eval_metrics] Accuracy(layer_3 - estimator_0 - 5_folds.train_cv.predict)=90.00%
[ 2023-12-21 10:03:12,924][kfold_wrapper.log_eval_metrics] Accuracy(layer_3 - estimator_1 - 5_folds.train_0.predict)=91.88%
[ 2023-12-21 10:03:14,083][kfold_wrapper.log_eval_metrics] Accuracy(layer_3 - estimator_1 - 5_folds.train_1.predict)=90.00%
[ 2023-12-21 10:03:15,203][kfold_wrapper.log_eval_metrics] Accuracy(layer_3 - estimator_1 - 5_folds.train_2.predict)=90.62%
[ 2023-12-21 10:03:16,313][kfold_wrapper.log_eval_metrics] Accuracy(layer_3 - estimator_1 - 5_folds.train_3.predict)=88.75%
[ 2023-12-21 10:03:17,414][kfold_wrapper.log_eval_metrics] Accuracy(layer_3 - estimator_1 - 5_folds.train_4.predict)=88.12%
[ 2023-12-21 10:03:17,414][kfold_wrapper.log_eval_metrics] Accuracy(layer_3 - estimator_1 - 5_folds.train_cv.predict)=89.88%
[ 2023-12-21 10:03:18,531][kfold_wrapper.log_eval_metrics] Accuracy(layer_3 - estimator_2 - 5_folds.train_0.predict)=90.62%
[ 2023-12-21 10:03:19,645][kfold_wrapper.log_eval_metrics] Accuracy(layer_3 - estimator_2 - 5_folds.train_1.predict)=86.88%
[ 2023-12-21 10:03:20,779][kfold_wrapper.log_eval_metrics] Accuracy(layer_3 - estimator_2 - 5_folds.train_2.predict)=88.12%
[ 2023-12-21 10:03:21,893][kfold_wrapper.log_eval_metrics] Accuracy(layer_3 - estimator_2 - 5_folds.train_3.predict)=94.38%
[ 2023-12-21 10:03:23,021][kfold_wrapper.log_eval_metrics] Accuracy(layer_3 - estimator_2 - 5_folds.train_4.predict)=90.00%
[ 2023-12-21 10:03:23,021][kfold_wrapper.log_eval_metrics] Accuracy(layer_3 - estimator_2 - 5_folds.train_cv.predict)=90.00%
[ 2023-12-21 10:03:24,239][kfold_wrapper.log_eval_metrics] Accuracy(layer_3 - estimator_3 - 5_folds.train_0.predict)=84.38%
[ 2023-12-21 10:03:25,353][kfold_wrapper.log_eval_metrics] Accuracy(layer_3 - estimator_3 - 5_folds.train_1.predict)=90.62%
[ 2023-12-21 10:03:26,458][kfold_wrapper.log_eval_metrics] Accuracy(layer_3 - estimator_3 - 5_folds.train_2.predict)=90.00%
[ 2023-12-21 10:03:27,560][kfold_wrapper.log_eval_metrics] Accuracy(layer_3 - estimator_3 - 5_folds.train_3.predict)=90.00%
[ 2023-12-21 10:03:28,672][kfold_wrapper.log_eval_metrics] Accuracy(layer_3 - estimator_3 - 5_folds.train_4.predict)=93.75%
[ 2023-12-21 10:03:28,672][kfold_wrapper.log_eval_metrics] Accuracy(layer_3 - estimator_3 - 5_folds.train_cv.predict)=89.75%
[ 2023-12-21 10:03:28,672][cascade_classifier.calc_accuracy] Accuracy(layer_3 - train.classifier_average)=89.88%
[ 2023-12-21 10:03:28,672][cascade_classifier.fit_transform] [Result][Optimal Level Detected] opt_layer_num=1, accuracy_train=90.75%, accuracy_test=0.00%
[ 2023-12-21 10:03:28,792][cascade_classifier.transform] X_groups_test.shape=[(200, 10)]
[ 2023-12-21 10:03:28,792][cascade_classifier.transform] group_dims=[10]
[ 2023-12-21 10:03:28,792][cascade_classifier.transform] X_test.shape=(200, 10)
[ 2023-12-21 10:03:28,792][cascade_classifier.transform] [layer=0] look_indexs=[0], X_cur_test.shape=(200, 10)
