[ 2023-12-21 10:31:02,618][cascade_classifier.fit_transform] X_groups_train.shape=[(800, 10)],y_train.shape=(800,),X_groups_test.shape=no_test,y_test.shape=no_test
[ 2023-12-21 10:31:02,618][cascade_classifier.fit_transform] group_dims=[10]
[ 2023-12-21 10:31:02,619][cascade_classifier.fit_transform] group_starts=[0]
[ 2023-12-21 10:31:02,619][cascade_classifier.fit_transform] group_ends=[10]
[ 2023-12-21 10:31:02,619][cascade_classifier.fit_transform] X_train.shape=(800, 10),X_test.shape=(0, 10)
[ 2023-12-21 10:31:02,619][cascade_classifier.fit_transform] [layer=0] look_indexs=[0], X_cur_train.shape=(800, 10), X_cur_test.shape=(0, 10)
[ 2023-12-21 10:31:03,302][kfold_wrapper.log_eval_metrics] Accuracy(layer_0 - estimator_0 - 5_folds.train_0.predict)=90.62%
[ 2023-12-21 10:31:04,067][kfold_wrapper.log_eval_metrics] Accuracy(layer_0 - estimator_0 - 5_folds.train_1.predict)=86.88%
[ 2023-12-21 10:31:04,843][kfold_wrapper.log_eval_metrics] Accuracy(layer_0 - estimator_0 - 5_folds.train_2.predict)=90.62%
[ 2023-12-21 10:31:05,529][kfold_wrapper.log_eval_metrics] Accuracy(layer_0 - estimator_0 - 5_folds.train_3.predict)=92.50%
[ 2023-12-21 10:31:06,293][kfold_wrapper.log_eval_metrics] Accuracy(layer_0 - estimator_0 - 5_folds.train_4.predict)=86.88%
[ 2023-12-21 10:31:06,293][kfold_wrapper.log_eval_metrics] Accuracy(layer_0 - estimator_0 - 5_folds.train_cv.predict)=89.50%
[ 2023-12-21 10:31:06,955][kfold_wrapper.log_eval_metrics] Accuracy(layer_0 - estimator_1 - 5_folds.train_0.predict)=90.62%
[ 2023-12-21 10:31:07,754][kfold_wrapper.log_eval_metrics] Accuracy(layer_0 - estimator_1 - 5_folds.train_1.predict)=92.50%
[ 2023-12-21 10:31:08,395][kfold_wrapper.log_eval_metrics] Accuracy(layer_0 - estimator_1 - 5_folds.train_2.predict)=86.25%
[ 2023-12-21 10:31:09,200][kfold_wrapper.log_eval_metrics] Accuracy(layer_0 - estimator_1 - 5_folds.train_3.predict)=93.12%
[ 2023-12-21 10:31:09,953][kfold_wrapper.log_eval_metrics] Accuracy(layer_0 - estimator_1 - 5_folds.train_4.predict)=89.38%
[ 2023-12-21 10:31:09,953][kfold_wrapper.log_eval_metrics] Accuracy(layer_0 - estimator_1 - 5_folds.train_cv.predict)=90.38%
[ 2023-12-21 10:31:10,688][kfold_wrapper.log_eval_metrics] Accuracy(layer_0 - estimator_2 - 5_folds.train_0.predict)=91.88%
[ 2023-12-21 10:31:11,403][kfold_wrapper.log_eval_metrics] Accuracy(layer_0 - estimator_2 - 5_folds.train_1.predict)=91.88%
[ 2023-12-21 10:31:12,064][kfold_wrapper.log_eval_metrics] Accuracy(layer_0 - estimator_2 - 5_folds.train_2.predict)=90.62%
[ 2023-12-21 10:31:12,826][kfold_wrapper.log_eval_metrics] Accuracy(layer_0 - estimator_2 - 5_folds.train_3.predict)=90.00%
[ 2023-12-21 10:31:13,495][kfold_wrapper.log_eval_metrics] Accuracy(layer_0 - estimator_2 - 5_folds.train_4.predict)=89.38%
[ 2023-12-21 10:31:13,496][kfold_wrapper.log_eval_metrics] Accuracy(layer_0 - estimator_2 - 5_folds.train_cv.predict)=90.75%
[ 2023-12-21 10:31:14,065][kfold_wrapper.log_eval_metrics] Accuracy(layer_0 - estimator_3 - 5_folds.train_0.predict)=93.12%
[ 2023-12-21 10:31:14,236][kfold_wrapper.log_eval_metrics] Accuracy(layer_0 - estimator_3 - 5_folds.train_1.predict)=95.00%
[ 2023-12-21 10:31:14,397][kfold_wrapper.log_eval_metrics] Accuracy(layer_0 - estimator_3 - 5_folds.train_2.predict)=88.75%
[ 2023-12-21 10:31:14,547][kfold_wrapper.log_eval_metrics] Accuracy(layer_0 - estimator_3 - 5_folds.train_3.predict)=93.12%
[ 2023-12-21 10:31:14,711][kfold_wrapper.log_eval_metrics] Accuracy(layer_0 - estimator_3 - 5_folds.train_4.predict)=89.38%
[ 2023-12-21 10:31:14,711][kfold_wrapper.log_eval_metrics] Accuracy(layer_0 - estimator_3 - 5_folds.train_cv.predict)=91.88%
[ 2023-12-21 10:31:15,595][kfold_wrapper.log_eval_metrics] Accuracy(layer_0 - estimator_4 - 5_folds.train_0.predict)=91.25%
[ 2023-12-21 10:31:16,494][kfold_wrapper.log_eval_metrics] Accuracy(layer_0 - estimator_4 - 5_folds.train_1.predict)=91.88%
[ 2023-12-21 10:31:17,245][kfold_wrapper.log_eval_metrics] Accuracy(layer_0 - estimator_4 - 5_folds.train_2.predict)=90.62%
[ 2023-12-21 10:31:18,187][kfold_wrapper.log_eval_metrics] Accuracy(layer_0 - estimator_4 - 5_folds.train_3.predict)=91.88%
[ 2023-12-21 10:31:19,105][kfold_wrapper.log_eval_metrics] Accuracy(layer_0 - estimator_4 - 5_folds.train_4.predict)=90.62%
[ 2023-12-21 10:31:19,106][kfold_wrapper.log_eval_metrics] Accuracy(layer_0 - estimator_4 - 5_folds.train_cv.predict)=91.25%
[ 2023-12-21 10:31:19,106][cascade_classifier.calc_accuracy] Accuracy(layer_0 - train.classifier_average)=91.75%
[ 2023-12-21 10:31:19,106][cascade_classifier.fit_transform] [layer=1] look_indexs=[0], X_cur_train.shape=(800, 20), X_cur_test.shape=(0, 20)
[ 2023-12-21 10:31:19,836][kfold_wrapper.log_eval_metrics] Accuracy(layer_1 - estimator_0 - 5_folds.train_0.predict)=93.75%
[ 2023-12-21 10:31:20,567][kfold_wrapper.log_eval_metrics] Accuracy(layer_1 - estimator_0 - 5_folds.train_1.predict)=90.00%
[ 2023-12-21 10:31:21,202][kfold_wrapper.log_eval_metrics] Accuracy(layer_1 - estimator_0 - 5_folds.train_2.predict)=91.25%
[ 2023-12-21 10:31:21,985][kfold_wrapper.log_eval_metrics] Accuracy(layer_1 - estimator_0 - 5_folds.train_3.predict)=89.38%
[ 2023-12-21 10:31:22,715][kfold_wrapper.log_eval_metrics] Accuracy(layer_1 - estimator_0 - 5_folds.train_4.predict)=90.62%
[ 2023-12-21 10:31:22,716][kfold_wrapper.log_eval_metrics] Accuracy(layer_1 - estimator_0 - 5_folds.train_cv.predict)=91.00%
[ 2023-12-21 10:31:23,369][kfold_wrapper.log_eval_metrics] Accuracy(layer_1 - estimator_1 - 5_folds.train_0.predict)=90.00%
[ 2023-12-21 10:31:24,059][kfold_wrapper.log_eval_metrics] Accuracy(layer_1 - estimator_1 - 5_folds.train_1.predict)=89.38%
[ 2023-12-21 10:31:24,772][kfold_wrapper.log_eval_metrics] Accuracy(layer_1 - estimator_1 - 5_folds.train_2.predict)=90.62%
[ 2023-12-21 10:31:25,506][kfold_wrapper.log_eval_metrics] Accuracy(layer_1 - estimator_1 - 5_folds.train_3.predict)=91.88%
[ 2023-12-21 10:31:26,140][kfold_wrapper.log_eval_metrics] Accuracy(layer_1 - estimator_1 - 5_folds.train_4.predict)=91.88%
[ 2023-12-21 10:31:26,140][kfold_wrapper.log_eval_metrics] Accuracy(layer_1 - estimator_1 - 5_folds.train_cv.predict)=90.75%
[ 2023-12-21 10:31:26,902][kfold_wrapper.log_eval_metrics] Accuracy(layer_1 - estimator_2 - 5_folds.train_0.predict)=87.50%
[ 2023-12-21 10:31:27,568][kfold_wrapper.log_eval_metrics] Accuracy(layer_1 - estimator_2 - 5_folds.train_1.predict)=90.00%
[ 2023-12-21 10:31:28,319][kfold_wrapper.log_eval_metrics] Accuracy(layer_1 - estimator_2 - 5_folds.train_2.predict)=89.38%
[ 2023-12-21 10:31:29,062][kfold_wrapper.log_eval_metrics] Accuracy(layer_1 - estimator_2 - 5_folds.train_3.predict)=91.25%
[ 2023-12-21 10:31:29,770][kfold_wrapper.log_eval_metrics] Accuracy(layer_1 - estimator_2 - 5_folds.train_4.predict)=95.00%
[ 2023-12-21 10:31:29,770][kfold_wrapper.log_eval_metrics] Accuracy(layer_1 - estimator_2 - 5_folds.train_cv.predict)=90.62%
[ 2023-12-21 10:31:29,948][kfold_wrapper.log_eval_metrics] Accuracy(layer_1 - estimator_3 - 5_folds.train_0.predict)=91.25%
[ 2023-12-21 10:31:30,124][kfold_wrapper.log_eval_metrics] Accuracy(layer_1 - estimator_3 - 5_folds.train_1.predict)=86.88%
[ 2023-12-21 10:31:30,299][kfold_wrapper.log_eval_metrics] Accuracy(layer_1 - estimator_3 - 5_folds.train_2.predict)=90.62%
[ 2023-12-21 10:31:30,474][kfold_wrapper.log_eval_metrics] Accuracy(layer_1 - estimator_3 - 5_folds.train_3.predict)=86.88%
[ 2023-12-21 10:31:30,649][kfold_wrapper.log_eval_metrics] Accuracy(layer_1 - estimator_3 - 5_folds.train_4.predict)=88.12%
[ 2023-12-21 10:31:30,650][kfold_wrapper.log_eval_metrics] Accuracy(layer_1 - estimator_3 - 5_folds.train_cv.predict)=88.75%
[ 2023-12-21 10:31:31,632][kfold_wrapper.log_eval_metrics] Accuracy(layer_1 - estimator_4 - 5_folds.train_0.predict)=92.50%
[ 2023-12-21 10:31:32,681][kfold_wrapper.log_eval_metrics] Accuracy(layer_1 - estimator_4 - 5_folds.train_1.predict)=87.50%
[ 2023-12-21 10:31:33,648][kfold_wrapper.log_eval_metrics] Accuracy(layer_1 - estimator_4 - 5_folds.train_2.predict)=93.12%
[ 2023-12-21 10:31:34,680][kfold_wrapper.log_eval_metrics] Accuracy(layer_1 - estimator_4 - 5_folds.train_3.predict)=90.62%
[ 2023-12-21 10:31:35,712][kfold_wrapper.log_eval_metrics] Accuracy(layer_1 - estimator_4 - 5_folds.train_4.predict)=90.00%
[ 2023-12-21 10:31:35,712][kfold_wrapper.log_eval_metrics] Accuracy(layer_1 - estimator_4 - 5_folds.train_cv.predict)=90.75%
[ 2023-12-21 10:31:35,712][cascade_classifier.calc_accuracy] Accuracy(layer_1 - train.classifier_average)=90.50%
[ 2023-12-21 10:31:35,716][cascade_classifier.fit_transform] [layer=2] look_indexs=[0], X_cur_train.shape=(800, 20), X_cur_test.shape=(0, 20)
[ 2023-12-21 10:31:36,911][kfold_wrapper.log_eval_metrics] Accuracy(layer_2 - estimator_0 - 5_folds.train_0.predict)=89.38%
[ 2023-12-21 10:31:38,143][kfold_wrapper.log_eval_metrics] Accuracy(layer_2 - estimator_0 - 5_folds.train_1.predict)=93.75%
[ 2023-12-21 10:31:39,369][kfold_wrapper.log_eval_metrics] Accuracy(layer_2 - estimator_0 - 5_folds.train_2.predict)=91.25%
[ 2023-12-21 10:31:40,564][kfold_wrapper.log_eval_metrics] Accuracy(layer_2 - estimator_0 - 5_folds.train_3.predict)=92.50%
[ 2023-12-21 10:31:41,781][kfold_wrapper.log_eval_metrics] Accuracy(layer_2 - estimator_0 - 5_folds.train_4.predict)=90.00%
[ 2023-12-21 10:31:41,781][kfold_wrapper.log_eval_metrics] Accuracy(layer_2 - estimator_0 - 5_folds.train_cv.predict)=91.38%
[ 2023-12-21 10:31:43,011][kfold_wrapper.log_eval_metrics] Accuracy(layer_2 - estimator_1 - 5_folds.train_0.predict)=86.25%
[ 2023-12-21 10:31:44,206][kfold_wrapper.log_eval_metrics] Accuracy(layer_2 - estimator_1 - 5_folds.train_1.predict)=94.38%
[ 2023-12-21 10:31:45,405][kfold_wrapper.log_eval_metrics] Accuracy(layer_2 - estimator_1 - 5_folds.train_2.predict)=92.50%
[ 2023-12-21 10:31:46,618][kfold_wrapper.log_eval_metrics] Accuracy(layer_2 - estimator_1 - 5_folds.train_3.predict)=90.62%
[ 2023-12-21 10:31:47,840][kfold_wrapper.log_eval_metrics] Accuracy(layer_2 - estimator_1 - 5_folds.train_4.predict)=88.75%
[ 2023-12-21 10:31:47,840][kfold_wrapper.log_eval_metrics] Accuracy(layer_2 - estimator_1 - 5_folds.train_cv.predict)=90.50%
[ 2023-12-21 10:31:49,041][kfold_wrapper.log_eval_metrics] Accuracy(layer_2 - estimator_2 - 5_folds.train_0.predict)=93.75%
[ 2023-12-21 10:31:50,260][kfold_wrapper.log_eval_metrics] Accuracy(layer_2 - estimator_2 - 5_folds.train_1.predict)=90.62%
[ 2023-12-21 10:31:51,458][kfold_wrapper.log_eval_metrics] Accuracy(layer_2 - estimator_2 - 5_folds.train_2.predict)=89.38%
[ 2023-12-21 10:31:52,664][kfold_wrapper.log_eval_metrics] Accuracy(layer_2 - estimator_2 - 5_folds.train_3.predict)=90.00%
[ 2023-12-21 10:31:53,881][kfold_wrapper.log_eval_metrics] Accuracy(layer_2 - estimator_2 - 5_folds.train_4.predict)=90.62%
[ 2023-12-21 10:31:53,881][kfold_wrapper.log_eval_metrics] Accuracy(layer_2 - estimator_2 - 5_folds.train_cv.predict)=90.88%
[ 2023-12-21 10:31:54,254][kfold_wrapper.log_eval_metrics] Accuracy(layer_2 - estimator_3 - 5_folds.train_0.predict)=93.12%
[ 2023-12-21 10:31:54,620][kfold_wrapper.log_eval_metrics] Accuracy(layer_2 - estimator_3 - 5_folds.train_1.predict)=89.38%
[ 2023-12-21 10:31:54,995][kfold_wrapper.log_eval_metrics] Accuracy(layer_2 - estimator_3 - 5_folds.train_2.predict)=91.88%
[ 2023-12-21 10:31:55,345][kfold_wrapper.log_eval_metrics] Accuracy(layer_2 - estimator_3 - 5_folds.train_3.predict)=88.75%
[ 2023-12-21 10:31:55,698][kfold_wrapper.log_eval_metrics] Accuracy(layer_2 - estimator_3 - 5_folds.train_4.predict)=90.00%
[ 2023-12-21 10:31:55,698][kfold_wrapper.log_eval_metrics] Accuracy(layer_2 - estimator_3 - 5_folds.train_cv.predict)=90.62%
[ 2023-12-21 10:31:57,140][kfold_wrapper.log_eval_metrics] Accuracy(layer_2 - estimator_4 - 5_folds.train_0.predict)=90.00%
[ 2023-12-21 10:31:58,534][kfold_wrapper.log_eval_metrics] Accuracy(layer_2 - estimator_4 - 5_folds.train_1.predict)=89.38%
[ 2023-12-21 10:31:59,978][kfold_wrapper.log_eval_metrics] Accuracy(layer_2 - estimator_4 - 5_folds.train_2.predict)=92.50%
[ 2023-12-21 10:32:01,388][kfold_wrapper.log_eval_metrics] Accuracy(layer_2 - estimator_4 - 5_folds.train_3.predict)=91.25%
[ 2023-12-21 10:32:02,786][kfold_wrapper.log_eval_metrics] Accuracy(layer_2 - estimator_4 - 5_folds.train_4.predict)=92.50%
[ 2023-12-21 10:32:02,786][kfold_wrapper.log_eval_metrics] Accuracy(layer_2 - estimator_4 - 5_folds.train_cv.predict)=91.12%
[ 2023-12-21 10:32:02,790][cascade_classifier.calc_accuracy] Accuracy(layer_2 - train.classifier_average)=91.25%
[ 2023-12-21 10:32:02,790][cascade_classifier.fit_transform] [layer=3] look_indexs=[0], X_cur_train.shape=(800, 20), X_cur_test.shape=(0, 20)
[ 2023-12-21 10:32:04,020][kfold_wrapper.log_eval_metrics] Accuracy(layer_3 - estimator_0 - 5_folds.train_0.predict)=95.00%
[ 2023-12-21 10:32:05,200][kfold_wrapper.log_eval_metrics] Accuracy(layer_3 - estimator_0 - 5_folds.train_1.predict)=91.88%
[ 2023-12-21 10:32:06,375][kfold_wrapper.log_eval_metrics] Accuracy(layer_3 - estimator_0 - 5_folds.train_2.predict)=91.25%
[ 2023-12-21 10:32:07,549][kfold_wrapper.log_eval_metrics] Accuracy(layer_3 - estimator_0 - 5_folds.train_3.predict)=85.00%
[ 2023-12-21 10:32:08,725][kfold_wrapper.log_eval_metrics] Accuracy(layer_3 - estimator_0 - 5_folds.train_4.predict)=91.88%
[ 2023-12-21 10:32:08,725][kfold_wrapper.log_eval_metrics] Accuracy(layer_3 - estimator_0 - 5_folds.train_cv.predict)=91.00%
[ 2023-12-21 10:32:09,907][kfold_wrapper.log_eval_metrics] Accuracy(layer_3 - estimator_1 - 5_folds.train_0.predict)=91.88%
[ 2023-12-21 10:32:11,058][kfold_wrapper.log_eval_metrics] Accuracy(layer_3 - estimator_1 - 5_folds.train_1.predict)=90.62%
[ 2023-12-21 10:32:12,239][kfold_wrapper.log_eval_metrics] Accuracy(layer_3 - estimator_1 - 5_folds.train_2.predict)=87.50%
[ 2023-12-21 10:32:13,415][kfold_wrapper.log_eval_metrics] Accuracy(layer_3 - estimator_1 - 5_folds.train_3.predict)=91.25%
[ 2023-12-21 10:32:14,597][kfold_wrapper.log_eval_metrics] Accuracy(layer_3 - estimator_1 - 5_folds.train_4.predict)=91.88%
[ 2023-12-21 10:32:14,597][kfold_wrapper.log_eval_metrics] Accuracy(layer_3 - estimator_1 - 5_folds.train_cv.predict)=90.62%
[ 2023-12-21 10:32:15,753][kfold_wrapper.log_eval_metrics] Accuracy(layer_3 - estimator_2 - 5_folds.train_0.predict)=93.75%
[ 2023-12-21 10:32:16,914][kfold_wrapper.log_eval_metrics] Accuracy(layer_3 - estimator_2 - 5_folds.train_1.predict)=91.88%
[ 2023-12-21 10:32:18,087][kfold_wrapper.log_eval_metrics] Accuracy(layer_3 - estimator_2 - 5_folds.train_2.predict)=86.88%
[ 2023-12-21 10:32:19,257][kfold_wrapper.log_eval_metrics] Accuracy(layer_3 - estimator_2 - 5_folds.train_3.predict)=91.25%
[ 2023-12-21 10:32:20,434][kfold_wrapper.log_eval_metrics] Accuracy(layer_3 - estimator_2 - 5_folds.train_4.predict)=91.88%
[ 2023-12-21 10:32:20,434][kfold_wrapper.log_eval_metrics] Accuracy(layer_3 - estimator_2 - 5_folds.train_cv.predict)=91.12%
[ 2023-12-21 10:32:20,807][kfold_wrapper.log_eval_metrics] Accuracy(layer_3 - estimator_3 - 5_folds.train_0.predict)=93.75%
[ 2023-12-21 10:32:21,148][kfold_wrapper.log_eval_metrics] Accuracy(layer_3 - estimator_3 - 5_folds.train_1.predict)=84.38%
[ 2023-12-21 10:32:21,502][kfold_wrapper.log_eval_metrics] Accuracy(layer_3 - estimator_3 - 5_folds.train_2.predict)=90.62%
[ 2023-12-21 10:32:21,863][kfold_wrapper.log_eval_metrics] Accuracy(layer_3 - estimator_3 - 5_folds.train_3.predict)=91.25%
[ 2023-12-21 10:32:22,208][kfold_wrapper.log_eval_metrics] Accuracy(layer_3 - estimator_3 - 5_folds.train_4.predict)=90.62%
[ 2023-12-21 10:32:22,208][kfold_wrapper.log_eval_metrics] Accuracy(layer_3 - estimator_3 - 5_folds.train_cv.predict)=90.12%
[ 2023-12-21 10:32:23,701][kfold_wrapper.log_eval_metrics] Accuracy(layer_3 - estimator_4 - 5_folds.train_0.predict)=88.75%
[ 2023-12-21 10:32:25,090][kfold_wrapper.log_eval_metrics] Accuracy(layer_3 - estimator_4 - 5_folds.train_1.predict)=93.75%
[ 2023-12-21 10:32:26,472][kfold_wrapper.log_eval_metrics] Accuracy(layer_3 - estimator_4 - 5_folds.train_2.predict)=91.25%
[ 2023-12-21 10:32:27,842][kfold_wrapper.log_eval_metrics] Accuracy(layer_3 - estimator_4 - 5_folds.train_3.predict)=88.75%
[ 2023-12-21 10:32:29,247][kfold_wrapper.log_eval_metrics] Accuracy(layer_3 - estimator_4 - 5_folds.train_4.predict)=91.25%
[ 2023-12-21 10:32:29,249][kfold_wrapper.log_eval_metrics] Accuracy(layer_3 - estimator_4 - 5_folds.train_cv.predict)=90.75%
[ 2023-12-21 10:32:29,250][cascade_classifier.calc_accuracy] Accuracy(layer_3 - train.classifier_average)=91.12%
[ 2023-12-21 10:32:29,251][cascade_classifier.fit_transform] [Result][Optimal Level Detected] opt_layer_num=1, accuracy_train=91.75%, accuracy_test=0.00%
[ 2023-12-21 10:32:29,368][cascade_classifier.transform] X_groups_test.shape=[(200, 10)]
[ 2023-12-21 10:32:29,368][cascade_classifier.transform] group_dims=[10]
[ 2023-12-21 10:32:29,368][cascade_classifier.transform] X_test.shape=(200, 10)
[ 2023-12-21 10:32:29,368][cascade_classifier.transform] [layer=0] look_indexs=[0], X_cur_test.shape=(200, 10)
