[ 2023-11-05 17:49:05,743][cascade_classifier.fit_transform] X_groups_train.shape=[(800, 10)],y_train.shape=(800,),X_groups_test.shape=no_test,y_test.shape=no_test
[ 2023-11-05 17:49:05,744][cascade_classifier.fit_transform] group_dims=[10]
[ 2023-11-05 17:49:05,744][cascade_classifier.fit_transform] group_starts=[0]
[ 2023-11-05 17:49:05,744][cascade_classifier.fit_transform] group_ends=[10]
[ 2023-11-05 17:49:05,744][cascade_classifier.fit_transform] X_train.shape=(800, 10),X_test.shape=(0, 10)
[ 2023-11-05 17:49:05,744][cascade_classifier.fit_transform] [layer=0] look_indexs=[0], X_cur_train.shape=(800, 10), X_cur_test.shape=(0, 10)
[ 2023-11-05 17:49:05,749][kfold_wrapper.log_eval_metrics] Accuracy(layer_0 - estimator_0 - 5_folds.train_0.predict)=85.00%
[ 2023-11-05 17:49:05,751][kfold_wrapper.log_eval_metrics] Accuracy(layer_0 - estimator_0 - 5_folds.train_1.predict)=86.88%
[ 2023-11-05 17:49:05,754][kfold_wrapper.log_eval_metrics] Accuracy(layer_0 - estimator_0 - 5_folds.train_2.predict)=90.62%
[ 2023-11-05 17:49:05,756][kfold_wrapper.log_eval_metrics] Accuracy(layer_0 - estimator_0 - 5_folds.train_3.predict)=87.50%
[ 2023-11-05 17:49:05,759][kfold_wrapper.log_eval_metrics] Accuracy(layer_0 - estimator_0 - 5_folds.train_4.predict)=82.50%
[ 2023-11-05 17:49:05,759][kfold_wrapper.log_eval_metrics] Accuracy(layer_0 - estimator_0 - 5_folds.train_cv.predict)=86.50%
[ 2023-11-05 17:49:06,452][kfold_wrapper.log_eval_metrics] Accuracy(layer_0 - estimator_1 - 5_folds.train_0.predict)=87.50%
[ 2023-11-05 17:49:06,685][kfold_wrapper.log_eval_metrics] Accuracy(layer_0 - estimator_1 - 5_folds.train_1.predict)=91.25%
[ 2023-11-05 17:49:06,918][kfold_wrapper.log_eval_metrics] Accuracy(layer_0 - estimator_1 - 5_folds.train_2.predict)=90.62%
[ 2023-11-05 17:49:07,147][kfold_wrapper.log_eval_metrics] Accuracy(layer_0 - estimator_1 - 5_folds.train_3.predict)=91.25%
[ 2023-11-05 17:49:07,381][kfold_wrapper.log_eval_metrics] Accuracy(layer_0 - estimator_1 - 5_folds.train_4.predict)=90.00%
[ 2023-11-05 17:49:07,381][kfold_wrapper.log_eval_metrics] Accuracy(layer_0 - estimator_1 - 5_folds.train_cv.predict)=90.12%
[ 2023-11-05 17:49:08,074][kfold_wrapper.log_eval_metrics] Accuracy(layer_0 - estimator_2 - 5_folds.train_0.predict)=88.75%
[ 2023-11-05 17:49:08,661][kfold_wrapper.log_eval_metrics] Accuracy(layer_0 - estimator_2 - 5_folds.train_1.predict)=91.88%
[ 2023-11-05 17:49:09,233][kfold_wrapper.log_eval_metrics] Accuracy(layer_0 - estimator_2 - 5_folds.train_2.predict)=93.12%
[ 2023-11-05 17:49:09,819][kfold_wrapper.log_eval_metrics] Accuracy(layer_0 - estimator_2 - 5_folds.train_3.predict)=91.88%
[ 2023-11-05 17:49:10,390][kfold_wrapper.log_eval_metrics] Accuracy(layer_0 - estimator_2 - 5_folds.train_4.predict)=91.88%
[ 2023-11-05 17:49:10,390][kfold_wrapper.log_eval_metrics] Accuracy(layer_0 - estimator_2 - 5_folds.train_cv.predict)=91.50%
[ 2023-11-05 17:49:10,887][kfold_wrapper.log_eval_metrics] Accuracy(layer_0 - estimator_3 - 5_folds.train_0.predict)=90.00%
[ 2023-11-05 17:49:11,382][kfold_wrapper.log_eval_metrics] Accuracy(layer_0 - estimator_3 - 5_folds.train_1.predict)=88.75%
[ 2023-11-05 17:49:11,892][kfold_wrapper.log_eval_metrics] Accuracy(layer_0 - estimator_3 - 5_folds.train_2.predict)=92.50%
[ 2023-11-05 17:49:12,390][kfold_wrapper.log_eval_metrics] Accuracy(layer_0 - estimator_3 - 5_folds.train_3.predict)=88.75%
[ 2023-11-05 17:49:12,886][kfold_wrapper.log_eval_metrics] Accuracy(layer_0 - estimator_3 - 5_folds.train_4.predict)=93.12%
[ 2023-11-05 17:49:12,887][kfold_wrapper.log_eval_metrics] Accuracy(layer_0 - estimator_3 - 5_folds.train_cv.predict)=90.62%
[ 2023-11-05 17:49:12,887][cascade_classifier.calc_accuracy] Accuracy(layer_0 - train.classifier_average)=91.25%
[ 2023-11-05 17:49:12,887][cascade_classifier.fit_transform] [layer=1] look_indexs=[0], X_cur_train.shape=(800, 18), X_cur_test.shape=(0, 18)
[ 2023-11-05 17:49:12,946][kfold_wrapper.log_eval_metrics] Accuracy(layer_1 - estimator_0 - 5_folds.train_0.predict)=95.62%
[ 2023-11-05 17:49:12,958][kfold_wrapper.log_eval_metrics] Accuracy(layer_1 - estimator_0 - 5_folds.train_1.predict)=89.38%
[ 2023-11-05 17:49:12,973][kfold_wrapper.log_eval_metrics] Accuracy(layer_1 - estimator_0 - 5_folds.train_2.predict)=88.75%
[ 2023-11-05 17:49:12,987][kfold_wrapper.log_eval_metrics] Accuracy(layer_1 - estimator_0 - 5_folds.train_3.predict)=95.00%
[ 2023-11-05 17:49:13,000][kfold_wrapper.log_eval_metrics] Accuracy(layer_1 - estimator_0 - 5_folds.train_4.predict)=85.62%
[ 2023-11-05 17:49:13,000][kfold_wrapper.log_eval_metrics] Accuracy(layer_1 - estimator_0 - 5_folds.train_cv.predict)=90.88%
[ 2023-11-05 17:49:13,274][kfold_wrapper.log_eval_metrics] Accuracy(layer_1 - estimator_1 - 5_folds.train_0.predict)=91.88%
[ 2023-11-05 17:49:13,544][kfold_wrapper.log_eval_metrics] Accuracy(layer_1 - estimator_1 - 5_folds.train_1.predict)=91.25%
[ 2023-11-05 17:49:13,809][kfold_wrapper.log_eval_metrics] Accuracy(layer_1 - estimator_1 - 5_folds.train_2.predict)=88.12%
[ 2023-11-05 17:49:14,077][kfold_wrapper.log_eval_metrics] Accuracy(layer_1 - estimator_1 - 5_folds.train_3.predict)=90.00%
[ 2023-11-05 17:49:14,347][kfold_wrapper.log_eval_metrics] Accuracy(layer_1 - estimator_1 - 5_folds.train_4.predict)=91.25%
[ 2023-11-05 17:49:14,347][kfold_wrapper.log_eval_metrics] Accuracy(layer_1 - estimator_1 - 5_folds.train_cv.predict)=90.50%
[ 2023-11-05 17:49:14,958][kfold_wrapper.log_eval_metrics] Accuracy(layer_1 - estimator_2 - 5_folds.train_0.predict)=90.00%
[ 2023-11-05 17:49:15,529][kfold_wrapper.log_eval_metrics] Accuracy(layer_1 - estimator_2 - 5_folds.train_1.predict)=91.88%
[ 2023-11-05 17:49:16,100][kfold_wrapper.log_eval_metrics] Accuracy(layer_1 - estimator_2 - 5_folds.train_2.predict)=88.75%
[ 2023-11-05 17:49:16,671][kfold_wrapper.log_eval_metrics] Accuracy(layer_1 - estimator_2 - 5_folds.train_3.predict)=89.38%
[ 2023-11-05 17:49:17,242][kfold_wrapper.log_eval_metrics] Accuracy(layer_1 - estimator_2 - 5_folds.train_4.predict)=91.88%
[ 2023-11-05 17:49:17,243][kfold_wrapper.log_eval_metrics] Accuracy(layer_1 - estimator_2 - 5_folds.train_cv.predict)=90.38%
[ 2023-11-05 17:49:17,738][kfold_wrapper.log_eval_metrics] Accuracy(layer_1 - estimator_3 - 5_folds.train_0.predict)=91.25%
[ 2023-11-05 17:49:18,234][kfold_wrapper.log_eval_metrics] Accuracy(layer_1 - estimator_3 - 5_folds.train_1.predict)=88.12%
[ 2023-11-05 17:49:18,715][kfold_wrapper.log_eval_metrics] Accuracy(layer_1 - estimator_3 - 5_folds.train_2.predict)=91.25%
[ 2023-11-05 17:49:19,212][kfold_wrapper.log_eval_metrics] Accuracy(layer_1 - estimator_3 - 5_folds.train_3.predict)=95.00%
[ 2023-11-05 17:49:19,693][kfold_wrapper.log_eval_metrics] Accuracy(layer_1 - estimator_3 - 5_folds.train_4.predict)=86.25%
[ 2023-11-05 17:49:19,693][kfold_wrapper.log_eval_metrics] Accuracy(layer_1 - estimator_3 - 5_folds.train_cv.predict)=90.38%
[ 2023-11-05 17:49:19,694][cascade_classifier.calc_accuracy] Accuracy(layer_1 - train.classifier_average)=90.38%
[ 2023-11-05 17:49:19,729][cascade_classifier.fit_transform] [layer=2] look_indexs=[0], X_cur_train.shape=(800, 18), X_cur_test.shape=(0, 18)
[ 2023-11-05 17:49:19,743][kfold_wrapper.log_eval_metrics] Accuracy(layer_2 - estimator_0 - 5_folds.train_0.predict)=91.25%
[ 2023-11-05 17:49:19,754][kfold_wrapper.log_eval_metrics] Accuracy(layer_2 - estimator_0 - 5_folds.train_1.predict)=88.75%
[ 2023-11-05 17:49:19,765][kfold_wrapper.log_eval_metrics] Accuracy(layer_2 - estimator_0 - 5_folds.train_2.predict)=91.25%
[ 2023-11-05 17:49:19,777][kfold_wrapper.log_eval_metrics] Accuracy(layer_2 - estimator_0 - 5_folds.train_3.predict)=93.12%
[ 2023-11-05 17:49:19,790][kfold_wrapper.log_eval_metrics] Accuracy(layer_2 - estimator_0 - 5_folds.train_4.predict)=86.88%
[ 2023-11-05 17:49:19,790][kfold_wrapper.log_eval_metrics] Accuracy(layer_2 - estimator_0 - 5_folds.train_cv.predict)=90.25%
[ 2023-11-05 17:49:20,063][kfold_wrapper.log_eval_metrics] Accuracy(layer_2 - estimator_1 - 5_folds.train_0.predict)=91.88%
[ 2023-11-05 17:49:20,329][kfold_wrapper.log_eval_metrics] Accuracy(layer_2 - estimator_1 - 5_folds.train_1.predict)=90.00%
[ 2023-11-05 17:49:20,599][kfold_wrapper.log_eval_metrics] Accuracy(layer_2 - estimator_1 - 5_folds.train_2.predict)=89.38%
[ 2023-11-05 17:49:20,866][kfold_wrapper.log_eval_metrics] Accuracy(layer_2 - estimator_1 - 5_folds.train_3.predict)=90.62%
[ 2023-11-05 17:49:21,128][kfold_wrapper.log_eval_metrics] Accuracy(layer_2 - estimator_1 - 5_folds.train_4.predict)=85.62%
[ 2023-11-05 17:49:21,128][kfold_wrapper.log_eval_metrics] Accuracy(layer_2 - estimator_1 - 5_folds.train_cv.predict)=89.50%
[ 2023-11-05 17:49:21,752][kfold_wrapper.log_eval_metrics] Accuracy(layer_2 - estimator_2 - 5_folds.train_0.predict)=91.25%
[ 2023-11-05 17:49:22,323][kfold_wrapper.log_eval_metrics] Accuracy(layer_2 - estimator_2 - 5_folds.train_1.predict)=91.25%
[ 2023-11-05 17:49:22,894][kfold_wrapper.log_eval_metrics] Accuracy(layer_2 - estimator_2 - 5_folds.train_2.predict)=90.00%
[ 2023-11-05 17:49:23,465][kfold_wrapper.log_eval_metrics] Accuracy(layer_2 - estimator_2 - 5_folds.train_3.predict)=90.00%
[ 2023-11-05 17:49:24,066][kfold_wrapper.log_eval_metrics] Accuracy(layer_2 - estimator_2 - 5_folds.train_4.predict)=88.12%
[ 2023-11-05 17:49:24,067][kfold_wrapper.log_eval_metrics] Accuracy(layer_2 - estimator_2 - 5_folds.train_cv.predict)=90.12%
[ 2023-11-05 17:49:24,564][kfold_wrapper.log_eval_metrics] Accuracy(layer_2 - estimator_3 - 5_folds.train_0.predict)=89.38%
[ 2023-11-05 17:49:25,060][kfold_wrapper.log_eval_metrics] Accuracy(layer_2 - estimator_3 - 5_folds.train_1.predict)=91.88%
[ 2023-11-05 17:49:25,556][kfold_wrapper.log_eval_metrics] Accuracy(layer_2 - estimator_3 - 5_folds.train_2.predict)=88.75%
[ 2023-11-05 17:49:26,052][kfold_wrapper.log_eval_metrics] Accuracy(layer_2 - estimator_3 - 5_folds.train_3.predict)=88.12%
[ 2023-11-05 17:49:26,548][kfold_wrapper.log_eval_metrics] Accuracy(layer_2 - estimator_3 - 5_folds.train_4.predict)=93.75%
[ 2023-11-05 17:49:26,549][kfold_wrapper.log_eval_metrics] Accuracy(layer_2 - estimator_3 - 5_folds.train_cv.predict)=90.38%
[ 2023-11-05 17:49:26,549][cascade_classifier.calc_accuracy] Accuracy(layer_2 - train.classifier_average)=90.50%
[ 2023-11-05 17:49:26,549][cascade_classifier.fit_transform] [layer=3] look_indexs=[0], X_cur_train.shape=(800, 18), X_cur_test.shape=(0, 18)
[ 2023-11-05 17:49:26,564][kfold_wrapper.log_eval_metrics] Accuracy(layer_3 - estimator_0 - 5_folds.train_0.predict)=89.38%
[ 2023-11-05 17:49:26,577][kfold_wrapper.log_eval_metrics] Accuracy(layer_3 - estimator_0 - 5_folds.train_1.predict)=88.75%
[ 2023-11-05 17:49:26,588][kfold_wrapper.log_eval_metrics] Accuracy(layer_3 - estimator_0 - 5_folds.train_2.predict)=88.12%
[ 2023-11-05 17:49:26,602][kfold_wrapper.log_eval_metrics] Accuracy(layer_3 - estimator_0 - 5_folds.train_3.predict)=90.00%
[ 2023-11-05 17:49:26,615][kfold_wrapper.log_eval_metrics] Accuracy(layer_3 - estimator_0 - 5_folds.train_4.predict)=91.25%
[ 2023-11-05 17:49:26,616][kfold_wrapper.log_eval_metrics] Accuracy(layer_3 - estimator_0 - 5_folds.train_cv.predict)=89.50%
[ 2023-11-05 17:49:26,888][kfold_wrapper.log_eval_metrics] Accuracy(layer_3 - estimator_1 - 5_folds.train_0.predict)=93.75%
[ 2023-11-05 17:49:27,154][kfold_wrapper.log_eval_metrics] Accuracy(layer_3 - estimator_1 - 5_folds.train_1.predict)=90.00%
[ 2023-11-05 17:49:27,416][kfold_wrapper.log_eval_metrics] Accuracy(layer_3 - estimator_1 - 5_folds.train_2.predict)=88.12%
[ 2023-11-05 17:49:27,680][kfold_wrapper.log_eval_metrics] Accuracy(layer_3 - estimator_1 - 5_folds.train_3.predict)=89.38%
[ 2023-11-05 17:49:27,951][kfold_wrapper.log_eval_metrics] Accuracy(layer_3 - estimator_1 - 5_folds.train_4.predict)=90.62%
[ 2023-11-05 17:49:27,951][kfold_wrapper.log_eval_metrics] Accuracy(layer_3 - estimator_1 - 5_folds.train_cv.predict)=90.38%
[ 2023-11-05 17:49:28,561][kfold_wrapper.log_eval_metrics] Accuracy(layer_3 - estimator_2 - 5_folds.train_0.predict)=92.50%
[ 2023-11-05 17:49:29,133][kfold_wrapper.log_eval_metrics] Accuracy(layer_3 - estimator_2 - 5_folds.train_1.predict)=88.12%
[ 2023-11-05 17:49:29,703][kfold_wrapper.log_eval_metrics] Accuracy(layer_3 - estimator_2 - 5_folds.train_2.predict)=90.00%
[ 2023-11-05 17:49:30,276][kfold_wrapper.log_eval_metrics] Accuracy(layer_3 - estimator_2 - 5_folds.train_3.predict)=90.00%
[ 2023-11-05 17:49:30,847][kfold_wrapper.log_eval_metrics] Accuracy(layer_3 - estimator_2 - 5_folds.train_4.predict)=90.00%
[ 2023-11-05 17:49:30,848][kfold_wrapper.log_eval_metrics] Accuracy(layer_3 - estimator_2 - 5_folds.train_cv.predict)=90.12%
[ 2023-11-05 17:49:31,343][kfold_wrapper.log_eval_metrics] Accuracy(layer_3 - estimator_3 - 5_folds.train_0.predict)=90.00%
[ 2023-11-05 17:49:31,840][kfold_wrapper.log_eval_metrics] Accuracy(layer_3 - estimator_3 - 5_folds.train_1.predict)=90.62%
[ 2023-11-05 17:49:32,337][kfold_wrapper.log_eval_metrics] Accuracy(layer_3 - estimator_3 - 5_folds.train_2.predict)=90.00%
[ 2023-11-05 17:49:32,832][kfold_wrapper.log_eval_metrics] Accuracy(layer_3 - estimator_3 - 5_folds.train_3.predict)=87.50%
[ 2023-11-05 17:49:33,329][kfold_wrapper.log_eval_metrics] Accuracy(layer_3 - estimator_3 - 5_folds.train_4.predict)=91.25%
[ 2023-11-05 17:49:33,330][kfold_wrapper.log_eval_metrics] Accuracy(layer_3 - estimator_3 - 5_folds.train_cv.predict)=89.88%
[ 2023-11-05 17:49:33,330][cascade_classifier.calc_accuracy] Accuracy(layer_3 - train.classifier_average)=89.50%
[ 2023-11-05 17:49:33,330][cascade_classifier.fit_transform] [Result][Optimal Level Detected] opt_layer_num=1, accuracy_train=91.25%, accuracy_test=0.00%
[ 2023-11-05 17:49:33,352][cascade_classifier.transform] X_groups_test.shape=[(200, 10)]
[ 2023-11-05 17:49:33,352][cascade_classifier.transform] group_dims=[10]
[ 2023-11-05 17:49:33,352][cascade_classifier.transform] X_test.shape=(200, 10)
[ 2023-11-05 17:49:33,352][cascade_classifier.transform] [layer=0] look_indexs=[0], X_cur_test.shape=(200, 10)
