[ 2023-12-21 10:12:09,900][cascade_classifier.fit_transform] X_groups_train.shape=[(800, 10)],y_train.shape=(800,),X_groups_test.shape=no_test,y_test.shape=no_test
[ 2023-12-21 10:12:09,900][cascade_classifier.fit_transform] group_dims=[10]
[ 2023-12-21 10:12:09,900][cascade_classifier.fit_transform] group_starts=[0]
[ 2023-12-21 10:12:09,900][cascade_classifier.fit_transform] group_ends=[10]
[ 2023-12-21 10:12:09,900][cascade_classifier.fit_transform] X_train.shape=(800, 10),X_test.shape=(0, 10)
[ 2023-12-21 10:12:09,900][cascade_classifier.fit_transform] [layer=0] look_indexs=[0], X_cur_train.shape=(800, 10), X_cur_test.shape=(0, 10)
[ 2023-12-21 10:12:10,564][kfold_wrapper.log_eval_metrics] Accuracy(layer_0 - estimator_0 - 3_folds.train_0.predict)=91.76%
[ 2023-12-21 10:12:11,197][kfold_wrapper.log_eval_metrics] Accuracy(layer_0 - estimator_0 - 3_folds.train_1.predict)=87.27%
[ 2023-12-21 10:12:11,826][kfold_wrapper.log_eval_metrics] Accuracy(layer_0 - estimator_0 - 3_folds.train_2.predict)=89.85%
[ 2023-12-21 10:12:11,826][kfold_wrapper.log_eval_metrics] Accuracy(layer_0 - estimator_0 - 3_folds.train_cv.predict)=89.62%
[ 2023-12-21 10:12:12,462][kfold_wrapper.log_eval_metrics] Accuracy(layer_0 - estimator_1 - 3_folds.train_0.predict)=88.01%
[ 2023-12-21 10:12:13,074][kfold_wrapper.log_eval_metrics] Accuracy(layer_0 - estimator_1 - 3_folds.train_1.predict)=88.76%
[ 2023-12-21 10:12:13,695][kfold_wrapper.log_eval_metrics] Accuracy(layer_0 - estimator_1 - 3_folds.train_2.predict)=89.85%
[ 2023-12-21 10:12:13,695][kfold_wrapper.log_eval_metrics] Accuracy(layer_0 - estimator_1 - 3_folds.train_cv.predict)=88.88%
[ 2023-12-21 10:12:14,321][kfold_wrapper.log_eval_metrics] Accuracy(layer_0 - estimator_2 - 3_folds.train_0.predict)=88.39%
[ 2023-12-21 10:12:14,924][kfold_wrapper.log_eval_metrics] Accuracy(layer_0 - estimator_2 - 3_folds.train_1.predict)=90.26%
[ 2023-12-21 10:12:15,556][kfold_wrapper.log_eval_metrics] Accuracy(layer_0 - estimator_2 - 3_folds.train_2.predict)=89.47%
[ 2023-12-21 10:12:15,556][kfold_wrapper.log_eval_metrics] Accuracy(layer_0 - estimator_2 - 3_folds.train_cv.predict)=89.38%
[ 2023-12-21 10:12:15,890][kfold_wrapper.log_eval_metrics] Accuracy(layer_0 - estimator_3 - 5_folds.train_0.predict)=86.25%
[ 2023-12-21 10:12:16,000][kfold_wrapper.log_eval_metrics] Accuracy(layer_0 - estimator_3 - 5_folds.train_1.predict)=87.50%
[ 2023-12-21 10:12:16,128][kfold_wrapper.log_eval_metrics] Accuracy(layer_0 - estimator_3 - 5_folds.train_2.predict)=95.00%
[ 2023-12-21 10:12:16,241][kfold_wrapper.log_eval_metrics] Accuracy(layer_0 - estimator_3 - 5_folds.train_3.predict)=90.00%
[ 2023-12-21 10:12:16,360][kfold_wrapper.log_eval_metrics] Accuracy(layer_0 - estimator_3 - 5_folds.train_4.predict)=92.50%
[ 2023-12-21 10:12:16,360][kfold_wrapper.log_eval_metrics] Accuracy(layer_0 - estimator_3 - 5_folds.train_cv.predict)=90.25%
[ 2023-12-21 10:12:17,161][kfold_wrapper.log_eval_metrics] Accuracy(layer_0 - estimator_4 - 5_folds.train_0.predict)=91.88%
[ 2023-12-21 10:12:17,924][kfold_wrapper.log_eval_metrics] Accuracy(layer_0 - estimator_4 - 5_folds.train_1.predict)=89.38%
[ 2023-12-21 10:12:18,679][kfold_wrapper.log_eval_metrics] Accuracy(layer_0 - estimator_4 - 5_folds.train_2.predict)=94.38%
[ 2023-12-21 10:12:19,427][kfold_wrapper.log_eval_metrics] Accuracy(layer_0 - estimator_4 - 5_folds.train_3.predict)=86.25%
[ 2023-12-21 10:12:20,188][kfold_wrapper.log_eval_metrics] Accuracy(layer_0 - estimator_4 - 5_folds.train_4.predict)=93.12%
[ 2023-12-21 10:12:20,188][kfold_wrapper.log_eval_metrics] Accuracy(layer_0 - estimator_4 - 5_folds.train_cv.predict)=91.00%
[ 2023-12-21 10:12:20,188][cascade_classifier.calc_accuracy] Accuracy(layer_0 - train.classifier_average)=90.50%
[ 2023-12-21 10:12:20,188][cascade_classifier.fit_transform] [layer=1] look_indexs=[0], X_cur_train.shape=(800, 20), X_cur_test.shape=(0, 20)
[ 2023-12-21 10:12:20,798][kfold_wrapper.log_eval_metrics] Accuracy(layer_1 - estimator_0 - 3_folds.train_0.predict)=91.01%
[ 2023-12-21 10:12:21,419][kfold_wrapper.log_eval_metrics] Accuracy(layer_1 - estimator_0 - 3_folds.train_1.predict)=89.89%
[ 2023-12-21 10:12:22,027][kfold_wrapper.log_eval_metrics] Accuracy(layer_1 - estimator_0 - 3_folds.train_2.predict)=89.85%
[ 2023-12-21 10:12:22,027][kfold_wrapper.log_eval_metrics] Accuracy(layer_1 - estimator_0 - 3_folds.train_cv.predict)=90.25%
[ 2023-12-21 10:12:22,647][kfold_wrapper.log_eval_metrics] Accuracy(layer_1 - estimator_1 - 3_folds.train_0.predict)=92.51%
[ 2023-12-21 10:12:23,253][kfold_wrapper.log_eval_metrics] Accuracy(layer_1 - estimator_1 - 3_folds.train_1.predict)=86.52%
[ 2023-12-21 10:12:23,859][kfold_wrapper.log_eval_metrics] Accuracy(layer_1 - estimator_1 - 3_folds.train_2.predict)=91.35%
[ 2023-12-21 10:12:23,859][kfold_wrapper.log_eval_metrics] Accuracy(layer_1 - estimator_1 - 3_folds.train_cv.predict)=90.12%
[ 2023-12-21 10:12:24,464][kfold_wrapper.log_eval_metrics] Accuracy(layer_1 - estimator_2 - 3_folds.train_0.predict)=86.52%
[ 2023-12-21 10:12:25,080][kfold_wrapper.log_eval_metrics] Accuracy(layer_1 - estimator_2 - 3_folds.train_1.predict)=91.76%
[ 2023-12-21 10:12:25,688][kfold_wrapper.log_eval_metrics] Accuracy(layer_1 - estimator_2 - 3_folds.train_2.predict)=90.60%
[ 2023-12-21 10:12:25,688][kfold_wrapper.log_eval_metrics] Accuracy(layer_1 - estimator_2 - 3_folds.train_cv.predict)=89.62%
[ 2023-12-21 10:12:25,839][kfold_wrapper.log_eval_metrics] Accuracy(layer_1 - estimator_3 - 5_folds.train_0.predict)=86.88%
[ 2023-12-21 10:12:25,963][kfold_wrapper.log_eval_metrics] Accuracy(layer_1 - estimator_3 - 5_folds.train_1.predict)=89.38%
[ 2023-12-21 10:12:26,078][kfold_wrapper.log_eval_metrics] Accuracy(layer_1 - estimator_3 - 5_folds.train_2.predict)=88.12%
[ 2023-12-21 10:12:26,212][kfold_wrapper.log_eval_metrics] Accuracy(layer_1 - estimator_3 - 5_folds.train_3.predict)=85.62%
[ 2023-12-21 10:12:26,338][kfold_wrapper.log_eval_metrics] Accuracy(layer_1 - estimator_3 - 5_folds.train_4.predict)=90.62%
[ 2023-12-21 10:12:26,338][kfold_wrapper.log_eval_metrics] Accuracy(layer_1 - estimator_3 - 5_folds.train_cv.predict)=88.12%
[ 2023-12-21 10:12:27,119][kfold_wrapper.log_eval_metrics] Accuracy(layer_1 - estimator_4 - 5_folds.train_0.predict)=89.38%
[ 2023-12-21 10:12:27,863][kfold_wrapper.log_eval_metrics] Accuracy(layer_1 - estimator_4 - 5_folds.train_1.predict)=93.75%
[ 2023-12-21 10:12:28,647][kfold_wrapper.log_eval_metrics] Accuracy(layer_1 - estimator_4 - 5_folds.train_2.predict)=90.62%
[ 2023-12-21 10:12:29,416][kfold_wrapper.log_eval_metrics] Accuracy(layer_1 - estimator_4 - 5_folds.train_3.predict)=89.38%
[ 2023-12-21 10:12:30,168][kfold_wrapper.log_eval_metrics] Accuracy(layer_1 - estimator_4 - 5_folds.train_4.predict)=91.25%
[ 2023-12-21 10:12:30,168][kfold_wrapper.log_eval_metrics] Accuracy(layer_1 - estimator_4 - 5_folds.train_cv.predict)=90.88%
[ 2023-12-21 10:12:30,168][cascade_classifier.calc_accuracy] Accuracy(layer_1 - train.classifier_average)=90.00%
[ 2023-12-21 10:12:30,168][cascade_classifier.fit_transform] [layer=2] look_indexs=[0], X_cur_train.shape=(800, 20), X_cur_test.shape=(0, 20)
[ 2023-12-21 10:12:30,782][kfold_wrapper.log_eval_metrics] Accuracy(layer_2 - estimator_0 - 3_folds.train_0.predict)=92.13%
[ 2023-12-21 10:12:31,413][kfold_wrapper.log_eval_metrics] Accuracy(layer_2 - estimator_0 - 3_folds.train_1.predict)=89.51%
[ 2023-12-21 10:12:32,047][kfold_wrapper.log_eval_metrics] Accuracy(layer_2 - estimator_0 - 3_folds.train_2.predict)=90.98%
[ 2023-12-21 10:12:32,047][kfold_wrapper.log_eval_metrics] Accuracy(layer_2 - estimator_0 - 3_folds.train_cv.predict)=90.88%
[ 2023-12-21 10:12:32,679][kfold_wrapper.log_eval_metrics] Accuracy(layer_2 - estimator_1 - 3_folds.train_0.predict)=89.89%
[ 2023-12-21 10:12:33,289][kfold_wrapper.log_eval_metrics] Accuracy(layer_2 - estimator_1 - 3_folds.train_1.predict)=88.76%
[ 2023-12-21 10:12:33,901][kfold_wrapper.log_eval_metrics] Accuracy(layer_2 - estimator_1 - 3_folds.train_2.predict)=92.11%
[ 2023-12-21 10:12:33,901][kfold_wrapper.log_eval_metrics] Accuracy(layer_2 - estimator_1 - 3_folds.train_cv.predict)=90.25%
[ 2023-12-21 10:12:34,522][kfold_wrapper.log_eval_metrics] Accuracy(layer_2 - estimator_2 - 3_folds.train_0.predict)=88.39%
[ 2023-12-21 10:12:35,140][kfold_wrapper.log_eval_metrics] Accuracy(layer_2 - estimator_2 - 3_folds.train_1.predict)=92.51%
[ 2023-12-21 10:12:35,754][kfold_wrapper.log_eval_metrics] Accuracy(layer_2 - estimator_2 - 3_folds.train_2.predict)=88.72%
[ 2023-12-21 10:12:35,754][kfold_wrapper.log_eval_metrics] Accuracy(layer_2 - estimator_2 - 3_folds.train_cv.predict)=89.88%
[ 2023-12-21 10:12:35,892][kfold_wrapper.log_eval_metrics] Accuracy(layer_2 - estimator_3 - 5_folds.train_0.predict)=86.88%
[ 2023-12-21 10:12:36,017][kfold_wrapper.log_eval_metrics] Accuracy(layer_2 - estimator_3 - 5_folds.train_1.predict)=90.62%
[ 2023-12-21 10:12:36,141][kfold_wrapper.log_eval_metrics] Accuracy(layer_2 - estimator_3 - 5_folds.train_2.predict)=90.62%
[ 2023-12-21 10:12:36,266][kfold_wrapper.log_eval_metrics] Accuracy(layer_2 - estimator_3 - 5_folds.train_3.predict)=87.50%
[ 2023-12-21 10:12:36,396][kfold_wrapper.log_eval_metrics] Accuracy(layer_2 - estimator_3 - 5_folds.train_4.predict)=91.25%
[ 2023-12-21 10:12:36,398][kfold_wrapper.log_eval_metrics] Accuracy(layer_2 - estimator_3 - 5_folds.train_cv.predict)=89.38%
[ 2023-12-21 10:12:37,210][kfold_wrapper.log_eval_metrics] Accuracy(layer_2 - estimator_4 - 5_folds.train_0.predict)=89.38%
[ 2023-12-21 10:12:37,958][kfold_wrapper.log_eval_metrics] Accuracy(layer_2 - estimator_4 - 5_folds.train_1.predict)=91.25%
[ 2023-12-21 10:12:38,723][kfold_wrapper.log_eval_metrics] Accuracy(layer_2 - estimator_4 - 5_folds.train_2.predict)=92.50%
[ 2023-12-21 10:12:39,466][kfold_wrapper.log_eval_metrics] Accuracy(layer_2 - estimator_4 - 5_folds.train_3.predict)=85.62%
[ 2023-12-21 10:12:40,227][kfold_wrapper.log_eval_metrics] Accuracy(layer_2 - estimator_4 - 5_folds.train_4.predict)=91.88%
[ 2023-12-21 10:12:40,227][kfold_wrapper.log_eval_metrics] Accuracy(layer_2 - estimator_4 - 5_folds.train_cv.predict)=90.12%
[ 2023-12-21 10:12:40,227][cascade_classifier.calc_accuracy] Accuracy(layer_2 - train.classifier_average)=90.38%
[ 2023-12-21 10:12:40,227][cascade_classifier.fit_transform] [layer=3] look_indexs=[0], X_cur_train.shape=(800, 20), X_cur_test.shape=(0, 20)
[ 2023-12-21 10:12:40,855][kfold_wrapper.log_eval_metrics] Accuracy(layer_3 - estimator_0 - 3_folds.train_0.predict)=89.51%
[ 2023-12-21 10:12:41,479][kfold_wrapper.log_eval_metrics] Accuracy(layer_3 - estimator_0 - 3_folds.train_1.predict)=89.89%
[ 2023-12-21 10:12:42,139][kfold_wrapper.log_eval_metrics] Accuracy(layer_3 - estimator_0 - 3_folds.train_2.predict)=89.10%
[ 2023-12-21 10:12:42,139][kfold_wrapper.log_eval_metrics] Accuracy(layer_3 - estimator_0 - 3_folds.train_cv.predict)=89.50%
[ 2023-12-21 10:12:42,776][kfold_wrapper.log_eval_metrics] Accuracy(layer_3 - estimator_1 - 3_folds.train_0.predict)=91.39%
[ 2023-12-21 10:12:43,384][kfold_wrapper.log_eval_metrics] Accuracy(layer_3 - estimator_1 - 3_folds.train_1.predict)=91.01%
[ 2023-12-21 10:12:44,000][kfold_wrapper.log_eval_metrics] Accuracy(layer_3 - estimator_1 - 3_folds.train_2.predict)=89.10%
[ 2023-12-21 10:12:44,000][kfold_wrapper.log_eval_metrics] Accuracy(layer_3 - estimator_1 - 3_folds.train_cv.predict)=90.50%
[ 2023-12-21 10:12:44,622][kfold_wrapper.log_eval_metrics] Accuracy(layer_3 - estimator_2 - 3_folds.train_0.predict)=89.14%
[ 2023-12-21 10:12:45,253][kfold_wrapper.log_eval_metrics] Accuracy(layer_3 - estimator_2 - 3_folds.train_1.predict)=89.14%
[ 2023-12-21 10:12:45,869][kfold_wrapper.log_eval_metrics] Accuracy(layer_3 - estimator_2 - 3_folds.train_2.predict)=90.98%
[ 2023-12-21 10:12:45,869][kfold_wrapper.log_eval_metrics] Accuracy(layer_3 - estimator_2 - 3_folds.train_cv.predict)=89.75%
[ 2023-12-21 10:12:46,021][kfold_wrapper.log_eval_metrics] Accuracy(layer_3 - estimator_3 - 5_folds.train_0.predict)=88.12%
[ 2023-12-21 10:12:46,153][kfold_wrapper.log_eval_metrics] Accuracy(layer_3 - estimator_3 - 5_folds.train_1.predict)=90.00%
[ 2023-12-21 10:12:46,281][kfold_wrapper.log_eval_metrics] Accuracy(layer_3 - estimator_3 - 5_folds.train_2.predict)=88.12%
[ 2023-12-21 10:12:46,405][kfold_wrapper.log_eval_metrics] Accuracy(layer_3 - estimator_3 - 5_folds.train_3.predict)=91.88%
[ 2023-12-21 10:12:46,535][kfold_wrapper.log_eval_metrics] Accuracy(layer_3 - estimator_3 - 5_folds.train_4.predict)=91.25%
[ 2023-12-21 10:12:46,535][kfold_wrapper.log_eval_metrics] Accuracy(layer_3 - estimator_3 - 5_folds.train_cv.predict)=89.88%
[ 2023-12-21 10:12:47,326][kfold_wrapper.log_eval_metrics] Accuracy(layer_3 - estimator_4 - 5_folds.train_0.predict)=90.00%
[ 2023-12-21 10:12:48,079][kfold_wrapper.log_eval_metrics] Accuracy(layer_3 - estimator_4 - 5_folds.train_1.predict)=90.00%
[ 2023-12-21 10:12:48,832][kfold_wrapper.log_eval_metrics] Accuracy(layer_3 - estimator_4 - 5_folds.train_2.predict)=88.75%
[ 2023-12-21 10:12:49,580][kfold_wrapper.log_eval_metrics] Accuracy(layer_3 - estimator_4 - 5_folds.train_3.predict)=90.00%
[ 2023-12-21 10:12:50,334][kfold_wrapper.log_eval_metrics] Accuracy(layer_3 - estimator_4 - 5_folds.train_4.predict)=93.12%
[ 2023-12-21 10:12:50,334][kfold_wrapper.log_eval_metrics] Accuracy(layer_3 - estimator_4 - 5_folds.train_cv.predict)=90.38%
[ 2023-12-21 10:12:50,334][cascade_classifier.calc_accuracy] Accuracy(layer_3 - train.classifier_average)=90.50%
[ 2023-12-21 10:12:50,334][cascade_classifier.fit_transform] [Result][Optimal Level Detected] opt_layer_num=1, accuracy_train=90.50%, accuracy_test=0.00%
[ 2023-12-21 10:12:50,366][cascade_classifier.transform] X_groups_test.shape=[(200, 10)]
[ 2023-12-21 10:12:50,366][cascade_classifier.transform] group_dims=[10]
[ 2023-12-21 10:12:50,366][cascade_classifier.transform] X_test.shape=(200, 10)
[ 2023-12-21 10:12:50,366][cascade_classifier.transform] [layer=0] look_indexs=[0], X_cur_test.shape=(200, 10)
