[ 2023-11-05 18:06:05,607][cascade_classifier.fit_transform] X_groups_train.shape=[(800, 10)],y_train.shape=(800,),X_groups_test.shape=no_test,y_test.shape=no_test
[ 2023-11-05 18:06:05,607][cascade_classifier.fit_transform] group_dims=[10]
[ 2023-11-05 18:06:05,607][cascade_classifier.fit_transform] group_starts=[0]
[ 2023-11-05 18:06:05,607][cascade_classifier.fit_transform] group_ends=[10]
[ 2023-11-05 18:06:05,607][cascade_classifier.fit_transform] X_train.shape=(800, 10),X_test.shape=(0, 10)
[ 2023-11-05 18:06:05,607][cascade_classifier.fit_transform] [layer=0] look_indexs=[0], X_cur_train.shape=(800, 10), X_cur_test.shape=(0, 10)
[ 2023-11-05 18:06:05,905][kfold_wrapper.log_eval_metrics] Accuracy(layer_0 - estimator_0 - 5_folds.train_0.predict)=91.88%
[ 2023-11-05 18:06:06,130][kfold_wrapper.log_eval_metrics] Accuracy(layer_0 - estimator_0 - 5_folds.train_1.predict)=87.50%
[ 2023-11-05 18:06:06,357][kfold_wrapper.log_eval_metrics] Accuracy(layer_0 - estimator_0 - 5_folds.train_2.predict)=89.38%
[ 2023-11-05 18:06:06,583][kfold_wrapper.log_eval_metrics] Accuracy(layer_0 - estimator_0 - 5_folds.train_3.predict)=90.62%
[ 2023-11-05 18:06:06,808][kfold_wrapper.log_eval_metrics] Accuracy(layer_0 - estimator_0 - 5_folds.train_4.predict)=94.38%
[ 2023-11-05 18:06:06,809][kfold_wrapper.log_eval_metrics] Accuracy(layer_0 - estimator_0 - 5_folds.train_cv.predict)=90.75%
[ 2023-11-05 18:06:07,033][kfold_wrapper.log_eval_metrics] Accuracy(layer_0 - estimator_1 - 5_folds.train_0.predict)=89.38%
[ 2023-11-05 18:06:07,259][kfold_wrapper.log_eval_metrics] Accuracy(layer_0 - estimator_1 - 5_folds.train_1.predict)=91.25%
[ 2023-11-05 18:06:07,484][kfold_wrapper.log_eval_metrics] Accuracy(layer_0 - estimator_1 - 5_folds.train_2.predict)=91.25%
[ 2023-11-05 18:06:07,710][kfold_wrapper.log_eval_metrics] Accuracy(layer_0 - estimator_1 - 5_folds.train_3.predict)=91.25%
[ 2023-11-05 18:06:07,935][kfold_wrapper.log_eval_metrics] Accuracy(layer_0 - estimator_1 - 5_folds.train_4.predict)=90.00%
[ 2023-11-05 18:06:07,935][kfold_wrapper.log_eval_metrics] Accuracy(layer_0 - estimator_1 - 5_folds.train_cv.predict)=90.62%
[ 2023-11-05 18:06:08,130][kfold_wrapper.log_eval_metrics] Accuracy(layer_0 - estimator_2 - 5_folds.train_0.predict)=90.00%
[ 2023-11-05 18:06:08,325][kfold_wrapper.log_eval_metrics] Accuracy(layer_0 - estimator_2 - 5_folds.train_1.predict)=91.25%
[ 2023-11-05 18:06:08,521][kfold_wrapper.log_eval_metrics] Accuracy(layer_0 - estimator_2 - 5_folds.train_2.predict)=91.88%
[ 2023-11-05 18:06:08,716][kfold_wrapper.log_eval_metrics] Accuracy(layer_0 - estimator_2 - 5_folds.train_3.predict)=90.00%
[ 2023-11-05 18:06:08,911][kfold_wrapper.log_eval_metrics] Accuracy(layer_0 - estimator_2 - 5_folds.train_4.predict)=88.12%
[ 2023-11-05 18:06:08,911][kfold_wrapper.log_eval_metrics] Accuracy(layer_0 - estimator_2 - 5_folds.train_cv.predict)=90.25%
[ 2023-11-05 18:06:09,106][kfold_wrapper.log_eval_metrics] Accuracy(layer_0 - estimator_3 - 5_folds.train_0.predict)=91.88%
[ 2023-11-05 18:06:09,301][kfold_wrapper.log_eval_metrics] Accuracy(layer_0 - estimator_3 - 5_folds.train_1.predict)=92.50%
[ 2023-11-05 18:06:09,497][kfold_wrapper.log_eval_metrics] Accuracy(layer_0 - estimator_3 - 5_folds.train_2.predict)=86.25%
[ 2023-11-05 18:06:09,692][kfold_wrapper.log_eval_metrics] Accuracy(layer_0 - estimator_3 - 5_folds.train_3.predict)=94.38%
[ 2023-11-05 18:06:09,888][kfold_wrapper.log_eval_metrics] Accuracy(layer_0 - estimator_3 - 5_folds.train_4.predict)=88.12%
[ 2023-11-05 18:06:09,888][kfold_wrapper.log_eval_metrics] Accuracy(layer_0 - estimator_3 - 5_folds.train_cv.predict)=90.62%
[ 2023-11-05 18:06:09,889][cascade_classifier.calc_accuracy] Accuracy(layer_0 - train.classifier_average)=90.25%
[ 2023-11-05 18:06:09,889][cascade_classifier.fit_transform] [layer=1] look_indexs=[0], X_cur_train.shape=(800, 18), X_cur_test.shape=(0, 18)
[ 2023-11-05 18:06:10,113][kfold_wrapper.log_eval_metrics] Accuracy(layer_1 - estimator_0 - 5_folds.train_0.predict)=86.88%
[ 2023-11-05 18:06:10,339][kfold_wrapper.log_eval_metrics] Accuracy(layer_1 - estimator_0 - 5_folds.train_1.predict)=88.75%
[ 2023-11-05 18:06:10,580][kfold_wrapper.log_eval_metrics] Accuracy(layer_1 - estimator_0 - 5_folds.train_2.predict)=88.75%
[ 2023-11-05 18:06:10,806][kfold_wrapper.log_eval_metrics] Accuracy(layer_1 - estimator_0 - 5_folds.train_3.predict)=93.12%
[ 2023-11-05 18:06:11,030][kfold_wrapper.log_eval_metrics] Accuracy(layer_1 - estimator_0 - 5_folds.train_4.predict)=86.88%
[ 2023-11-05 18:06:11,030][kfold_wrapper.log_eval_metrics] Accuracy(layer_1 - estimator_0 - 5_folds.train_cv.predict)=88.88%
[ 2023-11-05 18:06:11,257][kfold_wrapper.log_eval_metrics] Accuracy(layer_1 - estimator_1 - 5_folds.train_0.predict)=88.12%
[ 2023-11-05 18:06:11,482][kfold_wrapper.log_eval_metrics] Accuracy(layer_1 - estimator_1 - 5_folds.train_1.predict)=90.00%
[ 2023-11-05 18:06:11,707][kfold_wrapper.log_eval_metrics] Accuracy(layer_1 - estimator_1 - 5_folds.train_2.predict)=90.62%
[ 2023-11-05 18:06:11,932][kfold_wrapper.log_eval_metrics] Accuracy(layer_1 - estimator_1 - 5_folds.train_3.predict)=90.62%
[ 2023-11-05 18:06:12,157][kfold_wrapper.log_eval_metrics] Accuracy(layer_1 - estimator_1 - 5_folds.train_4.predict)=88.12%
[ 2023-11-05 18:06:12,157][kfold_wrapper.log_eval_metrics] Accuracy(layer_1 - estimator_1 - 5_folds.train_cv.predict)=89.50%
[ 2023-11-05 18:06:12,352][kfold_wrapper.log_eval_metrics] Accuracy(layer_1 - estimator_2 - 5_folds.train_0.predict)=85.62%
[ 2023-11-05 18:06:12,547][kfold_wrapper.log_eval_metrics] Accuracy(layer_1 - estimator_2 - 5_folds.train_1.predict)=91.88%
[ 2023-11-05 18:06:12,743][kfold_wrapper.log_eval_metrics] Accuracy(layer_1 - estimator_2 - 5_folds.train_2.predict)=90.62%
[ 2023-11-05 18:06:12,938][kfold_wrapper.log_eval_metrics] Accuracy(layer_1 - estimator_2 - 5_folds.train_3.predict)=89.38%
[ 2023-11-05 18:06:13,133][kfold_wrapper.log_eval_metrics] Accuracy(layer_1 - estimator_2 - 5_folds.train_4.predict)=90.62%
[ 2023-11-05 18:06:13,133][kfold_wrapper.log_eval_metrics] Accuracy(layer_1 - estimator_2 - 5_folds.train_cv.predict)=89.62%
[ 2023-11-05 18:06:13,329][kfold_wrapper.log_eval_metrics] Accuracy(layer_1 - estimator_3 - 5_folds.train_0.predict)=89.38%
[ 2023-11-05 18:06:13,525][kfold_wrapper.log_eval_metrics] Accuracy(layer_1 - estimator_3 - 5_folds.train_1.predict)=86.88%
[ 2023-11-05 18:06:13,720][kfold_wrapper.log_eval_metrics] Accuracy(layer_1 - estimator_3 - 5_folds.train_2.predict)=89.38%
[ 2023-11-05 18:06:13,915][kfold_wrapper.log_eval_metrics] Accuracy(layer_1 - estimator_3 - 5_folds.train_3.predict)=88.75%
[ 2023-11-05 18:06:14,110][kfold_wrapper.log_eval_metrics] Accuracy(layer_1 - estimator_3 - 5_folds.train_4.predict)=92.50%
[ 2023-11-05 18:06:14,110][kfold_wrapper.log_eval_metrics] Accuracy(layer_1 - estimator_3 - 5_folds.train_cv.predict)=89.38%
[ 2023-11-05 18:06:14,111][cascade_classifier.calc_accuracy] Accuracy(layer_1 - train.classifier_average)=89.12%
[ 2023-11-05 18:06:14,111][cascade_classifier.fit_transform] [Result][Optimal Level Detected] opt_layer_num=1, accuracy_train=90.25%, accuracy_test=0.00%
[ 2023-11-05 18:06:14,114][cascade_classifier.transform] X_groups_test.shape=[(200, 10)]
[ 2023-11-05 18:06:14,114][cascade_classifier.transform] group_dims=[10]
[ 2023-11-05 18:06:14,114][cascade_classifier.transform] X_test.shape=(200, 10)
[ 2023-11-05 18:06:14,114][cascade_classifier.transform] [layer=0] look_indexs=[0], X_cur_test.shape=(200, 10)
